Using pre-set license
Built from '2021.3/china_unity/release' branch; Version is '2021.3.6f1c1 (07401303b748) revision 475155'; Using compiler version '192829333'; Build Type 'Release'
OS: 'Windows 10  (10.0.19044) 64bit Professional' Language: 'zh' Physical Memory: 65245 MB
BatchMode: 1, IsHumanControllingUs: 0, StartBugReporterOnCrash: 0, Is64bit: 1, IsPro: 1

COMMAND LINE ARGUMENTS:
D:\Program Files\Unity Hub\2021.3.6f1c1\Editor\Unity.exe
-adb2
-batchMode
-noUpm
-name
AssetImportWorker2
-projectPath
D:/Unity0913/icicle1118
-logFile
Logs/AssetImportWorker2.log
-srvPort
58821
Successfully changed project path to: D:/Unity0913/icicle1118
D:/Unity0913/icicle1118
[UnityMemory] Configuration Parameters - Can be set up in boot.config
    "memorysetup-bucket-allocator-granularity=16"
    "memorysetup-bucket-allocator-bucket-count=8"
    "memorysetup-bucket-allocator-block-size=33554432"
    "memorysetup-bucket-allocator-block-count=8"
    "memorysetup-main-allocator-block-size=16777216"
    "memorysetup-thread-allocator-block-size=16777216"
    "memorysetup-gfx-main-allocator-block-size=16777216"
    "memorysetup-gfx-thread-allocator-block-size=16777216"
    "memorysetup-cache-allocator-block-size=4194304"
    "memorysetup-typetree-allocator-block-size=2097152"
    "memorysetup-profiler-bucket-allocator-granularity=16"
    "memorysetup-profiler-bucket-allocator-bucket-count=8"
    "memorysetup-profiler-bucket-allocator-block-size=33554432"
    "memorysetup-profiler-bucket-allocator-block-count=8"
    "memorysetup-profiler-allocator-block-size=16777216"
    "memorysetup-profiler-editor-allocator-block-size=1048576"
    "memorysetup-temp-allocator-size-main=16777216"
    "memorysetup-job-temp-allocator-block-size=2097152"
    "memorysetup-job-temp-allocator-block-size-background=1048576"
    "memorysetup-job-temp-allocator-reduction-small-platforms=262144"
    "memorysetup-temp-allocator-size-background-worker=32768"
    "memorysetup-temp-allocator-size-job-worker=262144"
    "memorysetup-temp-allocator-size-preload-manager=33554432"
    "memorysetup-temp-allocator-size-nav-mesh-worker=65536"
    "memorysetup-temp-allocator-size-audio-worker=65536"
    "memorysetup-temp-allocator-size-cloud-worker=32768"
    "memorysetup-temp-allocator-size-gi-baking-worker=262144"
    "memorysetup-temp-allocator-size-gfx=262144"
AS: AutoStreaming module initializing.
Refreshing native plugins compatible for Editor in 135.07 ms, found 14 plugins.
Preloading 0 native plugins for Editor in 0.00 ms.
Initialize engine version: 2021.3.6f1c1 (07401303b748)
[Subsystems] Discovering subsystems at path D:/Program Files/Unity Hub/2021.3.6f1c1/Editor/Data/Resources/UnitySubsystems
[Subsystems] Discovering subsystems at path D:/Unity0913/icicle1118/Assets
GfxDevice: creating device client; threaded=0; jobified=0
Direct3D:
    Version:  Direct3D 11.0 [level 11.1]
    Renderer: NVIDIA GeForce RTX 3080 (ID=0x2216)
    Vendor:   NVIDIA
    VRAM:     10077 MB
    Driver:   30.0.15.1215
Initialize mono
Mono path[0] = 'D:/Program Files/Unity Hub/2021.3.6f1c1/Editor/Data/Managed'
Mono path[1] = 'D:/Program Files/Unity Hub/2021.3.6f1c1/Editor/Data/MonoBleedingEdge/lib/mono/unityjit-win32'
Mono config path = 'D:/Program Files/Unity Hub/2021.3.6f1c1/Editor/Data/MonoBleedingEdge/etc'
Using monoOptions --debugger-agent=transport=dt_socket,embedding=1,server=y,suspend=n,address=127.0.0.1:56536
Begin MonoManager ReloadAssembly
Registering precompiled unity dll's ...
Register platform support module: D:/Program Files/Unity Hub/2021.3.6f1c1/Editor/Data/PlaybackEngines/WindowsStandaloneSupport/UnityEditor.WindowsStandalone.Extensions.dll
Register platform support module: D:/Program Files/Unity Hub/2021.3.6f1c1/Editor/Data/PlaybackEngines/MetroSupport/UnityEditor.UWP.Extensions.dll
Registered in 0.005046 seconds.
Native extension for UWP target not found
Native extension for WindowsStandalone target not found
Refreshing native plugins compatible for Editor in 111.30 ms, found 14 plugins.
Preloading 0 native plugins for Editor in 0.00 ms.
Mono: successfully reloaded assembly
- Completed reload, in  0.696 seconds
Domain Reload Profiling:
	ReloadAssembly (697ms)
		BeginReloadAssembly (98ms)
			ExecutionOrderSort (0ms)
			DisableScriptedObjects (0ms)
			BackupInstance (0ms)
			ReleaseScriptingObjects (0ms)
			CreateAndSetChildDomain (1ms)
		EndReloadAssembly (483ms)
			LoadAssemblies (93ms)
			RebuildTransferFunctionScriptingTraits (0ms)
			SetupTypeCache (110ms)
			ReleaseScriptCaches (0ms)
			RebuildScriptCaches (28ms)
			SetupLoadedEditorAssemblies (285ms)
				LogAssemblyErrors (0ms)
				InitializePlatformSupportModulesInManaged (8ms)
				SetLoadedEditorAssemblies (0ms)
				RefreshPlugins (111ms)
				BeforeProcessingInitializeOnLoad (1ms)
				ProcessInitializeOnLoadAttributes (119ms)
				ProcessInitializeOnLoadMethodAttributes (44ms)
				AfterProcessingInitializeOnLoad (0ms)
				EditorAssembliesLoaded (0ms)
			ExecutionOrderSort2 (0ms)
			AwakeInstancesAfterBackupRestoration (0ms)
Platform modules already initialized, skipping
Registering precompiled user dll's ...
Registered in 0.023378 seconds.
Begin MonoManager ReloadAssembly
Native extension for UWP target not found
Native extension for WindowsStandalone target not found
Refreshing native plugins compatible for Editor in 109.31 ms, found 14 plugins.
Preloading 0 native plugins for Editor in 0.00 ms.
Package Manager log level set to [2]
Mono: successfully reloaded assembly
- Completed reload, in  1.695 seconds
Domain Reload Profiling:
	ReloadAssembly (1696ms)
		BeginReloadAssembly (135ms)
			ExecutionOrderSort (0ms)
			DisableScriptedObjects (6ms)
			BackupInstance (0ms)
			ReleaseScriptingObjects (0ms)
			CreateAndSetChildDomain (24ms)
		EndReloadAssembly (1435ms)
			LoadAssemblies (141ms)
			RebuildTransferFunctionScriptingTraits (0ms)
			SetupTypeCache (304ms)
			ReleaseScriptCaches (1ms)
			RebuildScriptCaches (77ms)
			SetupLoadedEditorAssemblies (865ms)
				LogAssemblyErrors (0ms)
				InitializePlatformSupportModulesInManaged (5ms)
				SetLoadedEditorAssemblies (0ms)
				RefreshPlugins (109ms)
				BeforeProcessingInitializeOnLoad (138ms)
				ProcessInitializeOnLoadAttributes (537ms)
				ProcessInitializeOnLoadMethodAttributes (63ms)
				AfterProcessingInitializeOnLoad (12ms)
				EditorAssembliesLoaded (0ms)
			ExecutionOrderSort2 (0ms)
			AwakeInstancesAfterBackupRestoration (6ms)
Platform modules already initialized, skipping
========================================================================
Worker process is ready to serve import requests
Launched and connected shader compiler UnityShaderCompiler.exe after 0.04 seconds
Refreshing native plugins compatible for Editor in 1.78 ms, found 14 plugins.
Preloading 0 native plugins for Editor in 0.00 ms.
Unloading 5608 Unused Serialized files (Serialized files now loaded: 0)
Unloading 54 unused Assets / (113.3 KB). Loaded Objects now: 6079.
Memory consumption went from 194.9 MB to 194.8 MB.
Total: 5.735400 ms (FindLiveObjects: 0.772600 ms CreateObjectMapping: 0.843900 ms MarkObjects: 3.952900 ms  DeleteObjects: 0.164400 ms)

AssetImportParameters requested are different than current active one (requested -> active):
  custom:video-decoder-ogg-theora: a1e56fd34408186e4bbccfd4996cb3dc -> 
  custom:container-muxer-webm: aa71ff27fc2769a1b78a27578f13a17b -> 
  custom:container-demuxer-webm: 4f35f7cbe854078d1ac9338744f61a02 -> 
  custom:video-encoder-webm-vp8: eb34c28f22e8b96e1ab97ce403110664 -> 
  custom:audio-encoder-webm-vorbis: bf7c407c2cedff20999df2af8eb42d56 -> 
  custom:framework-win-MediaFoundation: 216162199b28c13a410421893ffa2e32 -> 
  custom:container-demuxer-ogg: 62fdf1f143b41e24485cea50d1cbac27 -> 
  custom:video-decoder-webm-vp8: 9c59270c3fd7afecdb556c50c9e8de78 -> 
  custom:audio-decoder-ogg-vorbis: bf7c407c2cedff20999df2af8eb42d56 -> 
========================================================================
Received Prepare
Registering precompiled user dll's ...
Registered in 0.024639 seconds.
Begin MonoManager ReloadAssembly
Native extension for UWP target not found
Native extension for WindowsStandalone target not found
Refreshing native plugins compatible for Editor in 1.75 ms, found 14 plugins.
Preloading 0 native plugins for Editor in 0.00 ms.
Mono: successfully reloaded assembly
- Completed reload, in  1.513 seconds
Domain Reload Profiling:
	ReloadAssembly (1514ms)
		BeginReloadAssembly (195ms)
			ExecutionOrderSort (0ms)
			DisableScriptedObjects (4ms)
			BackupInstance (0ms)
			ReleaseScriptingObjects (0ms)
			CreateAndSetChildDomain (55ms)
		EndReloadAssembly (1202ms)
			LoadAssemblies (164ms)
			RebuildTransferFunctionScriptingTraits (0ms)
			SetupTypeCache (339ms)
			ReleaseScriptCaches (2ms)
			RebuildScriptCaches (52ms)
			SetupLoadedEditorAssemblies (580ms)
				LogAssemblyErrors (0ms)
				InitializePlatformSupportModulesInManaged (12ms)
				SetLoadedEditorAssemblies (0ms)
				RefreshPlugins (2ms)
				BeforeProcessingInitializeOnLoad (99ms)
				ProcessInitializeOnLoadAttributes (399ms)
				ProcessInitializeOnLoadMethodAttributes (49ms)
				AfterProcessingInitializeOnLoad (18ms)
				EditorAssembliesLoaded (0ms)
			ExecutionOrderSort2 (0ms)
			AwakeInstancesAfterBackupRestoration (8ms)
Platform modules already initialized, skipping
Refreshing native plugins compatible for Editor in 13.74 ms, found 14 plugins.
Preloading 0 native plugins for Editor in 0.00 ms.
Unloading 5570 Unused Serialized files (Serialized files now loaded: 0)
Unloading 44 unused Assets / (79.3 KB). Loaded Objects now: 6083.
Memory consumption went from 193.0 MB to 192.9 MB.
Total: 5.657500 ms (FindLiveObjects: 0.793000 ms CreateObjectMapping: 0.664500 ms MarkObjects: 4.063300 ms  DeleteObjects: 0.134900 ms)

AssetImportParameters requested are different than current active one (requested -> active):
  custom:video-decoder-ogg-theora: a1e56fd34408186e4bbccfd4996cb3dc -> 
  custom:container-muxer-webm: aa71ff27fc2769a1b78a27578f13a17b -> 
  custom:container-demuxer-webm: 4f35f7cbe854078d1ac9338744f61a02 -> 
  custom:video-encoder-webm-vp8: eb34c28f22e8b96e1ab97ce403110664 -> 
  custom:audio-encoder-webm-vorbis: bf7c407c2cedff20999df2af8eb42d56 -> 
  custom:framework-win-MediaFoundation: 216162199b28c13a410421893ffa2e32 -> 
  custom:container-demuxer-ogg: 62fdf1f143b41e24485cea50d1cbac27 -> 
  custom:video-decoder-webm-vp8: 9c59270c3fd7afecdb556c50c9e8de78 -> 
  custom:audio-decoder-ogg-vorbis: bf7c407c2cedff20999df2af8eb42d56 -> 
========================================================================
Received Prepare
Registering precompiled user dll's ...
Registered in 0.023661 seconds.
Begin MonoManager ReloadAssembly
Native extension for UWP target not found
Native extension for WindowsStandalone target not found
Refreshing native plugins compatible for Editor in 1.74 ms, found 14 plugins.
Preloading 0 native plugins for Editor in 0.00 ms.
Mono: successfully reloaded assembly
- Completed reload, in  1.442 seconds
Domain Reload Profiling:
	ReloadAssembly (1442ms)
		BeginReloadAssembly (205ms)
			ExecutionOrderSort (0ms)
			DisableScriptedObjects (4ms)
			BackupInstance (0ms)
			ReleaseScriptingObjects (0ms)
			CreateAndSetChildDomain (62ms)
		EndReloadAssembly (1122ms)
			LoadAssemblies (167ms)
			RebuildTransferFunctionScriptingTraits (0ms)
			SetupTypeCache (303ms)
			ReleaseScriptCaches (2ms)
			RebuildScriptCaches (50ms)
			SetupLoadedEditorAssemblies (541ms)
				LogAssemblyErrors (0ms)
				InitializePlatformSupportModulesInManaged (12ms)
				SetLoadedEditorAssemblies (0ms)
				RefreshPlugins (2ms)
				BeforeProcessingInitializeOnLoad (96ms)
				ProcessInitializeOnLoadAttributes (364ms)
				ProcessInitializeOnLoadMethodAttributes (52ms)
				AfterProcessingInitializeOnLoad (14ms)
				EditorAssembliesLoaded (0ms)
			ExecutionOrderSort2 (0ms)
			AwakeInstancesAfterBackupRestoration (8ms)
Platform modules already initialized, skipping
Refreshing native plugins compatible for Editor in 10.25 ms, found 14 plugins.
Preloading 0 native plugins for Editor in 0.00 ms.
Unloading 5570 Unused Serialized files (Serialized files now loaded: 0)
Unloading 44 unused Assets / (79.3 KB). Loaded Objects now: 6087.
Memory consumption went from 193.0 MB to 192.9 MB.
Total: 5.276200 ms (FindLiveObjects: 0.690900 ms CreateObjectMapping: 0.604200 ms MarkObjects: 3.842000 ms  DeleteObjects: 0.137300 ms)

AssetImportParameters requested are different than current active one (requested -> active):
  custom:video-decoder-ogg-theora: a1e56fd34408186e4bbccfd4996cb3dc -> 
  custom:container-muxer-webm: aa71ff27fc2769a1b78a27578f13a17b -> 
  custom:container-demuxer-webm: 4f35f7cbe854078d1ac9338744f61a02 -> 
  custom:video-encoder-webm-vp8: eb34c28f22e8b96e1ab97ce403110664 -> 
  custom:audio-encoder-webm-vorbis: bf7c407c2cedff20999df2af8eb42d56 -> 
  custom:framework-win-MediaFoundation: 216162199b28c13a410421893ffa2e32 -> 
  custom:container-demuxer-ogg: 62fdf1f143b41e24485cea50d1cbac27 -> 
  custom:video-decoder-webm-vp8: 9c59270c3fd7afecdb556c50c9e8de78 -> 
  custom:audio-decoder-ogg-vorbis: bf7c407c2cedff20999df2af8eb42d56 -> 
========================================================================
Received Prepare
Registering precompiled user dll's ...
Registered in 0.030146 seconds.
Begin MonoManager ReloadAssembly
Native extension for UWP target not found
Native extension for WindowsStandalone target not found
Refreshing native plugins compatible for Editor in 1.78 ms, found 14 plugins.
Preloading 0 native plugins for Editor in 0.00 ms.
Mono: successfully reloaded assembly
- Completed reload, in  1.491 seconds
Domain Reload Profiling:
	ReloadAssembly (1492ms)
		BeginReloadAssembly (200ms)
			ExecutionOrderSort (0ms)
			DisableScriptedObjects (4ms)
			BackupInstance (0ms)
			ReleaseScriptingObjects (0ms)
			CreateAndSetChildDomain (61ms)
		EndReloadAssembly (1171ms)
			LoadAssemblies (161ms)
			RebuildTransferFunctionScriptingTraits (0ms)
			SetupTypeCache (303ms)
			ReleaseScriptCaches (2ms)
			RebuildScriptCaches (45ms)
			SetupLoadedEditorAssemblies (591ms)
				LogAssemblyErrors (0ms)
				InitializePlatformSupportModulesInManaged (13ms)
				SetLoadedEditorAssemblies (0ms)
				RefreshPlugins (2ms)
				BeforeProcessingInitializeOnLoad (102ms)
				ProcessInitializeOnLoadAttributes (404ms)
				ProcessInitializeOnLoadMethodAttributes (52ms)
				AfterProcessingInitializeOnLoad (16ms)
				EditorAssembliesLoaded (0ms)
			ExecutionOrderSort2 (0ms)
			AwakeInstancesAfterBackupRestoration (8ms)
Platform modules already initialized, skipping
Refreshing native plugins compatible for Editor in 10.28 ms, found 14 plugins.
Preloading 0 native plugins for Editor in 0.00 ms.
Unloading 5570 Unused Serialized files (Serialized files now loaded: 0)
Unloading 44 unused Assets / (79.1 KB). Loaded Objects now: 6091.
Memory consumption went from 193.0 MB to 193.0 MB.
Total: 5.239200 ms (FindLiveObjects: 0.669400 ms CreateObjectMapping: 0.512000 ms MarkObjects: 3.906200 ms  DeleteObjects: 0.150500 ms)

AssetImportParameters requested are different than current active one (requested -> active):
  custom:video-decoder-ogg-theora: a1e56fd34408186e4bbccfd4996cb3dc -> 
  custom:container-muxer-webm: aa71ff27fc2769a1b78a27578f13a17b -> 
  custom:container-demuxer-webm: 4f35f7cbe854078d1ac9338744f61a02 -> 
  custom:video-encoder-webm-vp8: eb34c28f22e8b96e1ab97ce403110664 -> 
  custom:audio-encoder-webm-vorbis: bf7c407c2cedff20999df2af8eb42d56 -> 
  custom:framework-win-MediaFoundation: 216162199b28c13a410421893ffa2e32 -> 
  custom:container-demuxer-ogg: 62fdf1f143b41e24485cea50d1cbac27 -> 
  custom:video-decoder-webm-vp8: 9c59270c3fd7afecdb556c50c9e8de78 -> 
  custom:audio-decoder-ogg-vorbis: bf7c407c2cedff20999df2af8eb42d56 -> 
========================================================================
Received Prepare
Registering precompiled user dll's ...
Registered in 0.031093 seconds.
Begin MonoManager ReloadAssembly
Native extension for UWP target not found
Native extension for WindowsStandalone target not found
Refreshing native plugins compatible for Editor in 1.73 ms, found 14 plugins.
Preloading 0 native plugins for Editor in 0.00 ms.
Mono: successfully reloaded assembly
- Completed reload, in  1.445 seconds
Domain Reload Profiling:
	ReloadAssembly (1445ms)
		BeginReloadAssembly (191ms)
			ExecutionOrderSort (0ms)
			DisableScriptedObjects (4ms)
			BackupInstance (0ms)
			ReleaseScriptingObjects (0ms)
			CreateAndSetChildDomain (56ms)
		EndReloadAssembly (1141ms)
			LoadAssemblies (153ms)
			RebuildTransferFunctionScriptingTraits (0ms)
			SetupTypeCache (319ms)
			ReleaseScriptCaches (2ms)
			RebuildScriptCaches (45ms)
			SetupLoadedEditorAssemblies (558ms)
				LogAssemblyErrors (0ms)
				InitializePlatformSupportModulesInManaged (12ms)
				SetLoadedEditorAssemblies (0ms)
				RefreshPlugins (2ms)
				BeforeProcessingInitializeOnLoad (101ms)
				ProcessInitializeOnLoadAttributes (377ms)
				ProcessInitializeOnLoadMethodAttributes (52ms)
				AfterProcessingInitializeOnLoad (13ms)
				EditorAssembliesLoaded (0ms)
			ExecutionOrderSort2 (0ms)
			AwakeInstancesAfterBackupRestoration (8ms)
Platform modules already initialized, skipping
Refreshing native plugins compatible for Editor in 14.81 ms, found 14 plugins.
Preloading 0 native plugins for Editor in 0.00 ms.
Unloading 5570 Unused Serialized files (Serialized files now loaded: 0)
Unloading 44 unused Assets / (79.2 KB). Loaded Objects now: 6095.
Memory consumption went from 193.0 MB to 193.0 MB.
Total: 5.895200 ms (FindLiveObjects: 0.802500 ms CreateObjectMapping: 0.777300 ms MarkObjects: 4.152600 ms  DeleteObjects: 0.160500 ms)

AssetImportParameters requested are different than current active one (requested -> active):
  custom:video-decoder-ogg-theora: a1e56fd34408186e4bbccfd4996cb3dc -> 
  custom:container-muxer-webm: aa71ff27fc2769a1b78a27578f13a17b -> 
  custom:container-demuxer-webm: 4f35f7cbe854078d1ac9338744f61a02 -> 
  custom:video-encoder-webm-vp8: eb34c28f22e8b96e1ab97ce403110664 -> 
  custom:audio-encoder-webm-vorbis: bf7c407c2cedff20999df2af8eb42d56 -> 
  custom:framework-win-MediaFoundation: 216162199b28c13a410421893ffa2e32 -> 
  custom:container-demuxer-ogg: 62fdf1f143b41e24485cea50d1cbac27 -> 
  custom:video-decoder-webm-vp8: 9c59270c3fd7afecdb556c50c9e8de78 -> 
  custom:audio-decoder-ogg-vorbis: bf7c407c2cedff20999df2af8eb42d56 -> 
========================================================================
Received Prepare
Registering precompiled user dll's ...
Registered in 0.029705 seconds.
Begin MonoManager ReloadAssembly
Native extension for UWP target not found
Native extension for WindowsStandalone target not found
Refreshing native plugins compatible for Editor in 1.75 ms, found 14 plugins.
Preloading 0 native plugins for Editor in 0.00 ms.
Mono: successfully reloaded assembly
- Completed reload, in  1.655 seconds
Domain Reload Profiling:
	ReloadAssembly (1656ms)
		BeginReloadAssembly (200ms)
			ExecutionOrderSort (0ms)
			DisableScriptedObjects (4ms)
			BackupInstance (0ms)
			ReleaseScriptingObjects (0ms)
			CreateAndSetChildDomain (56ms)
		EndReloadAssembly (1332ms)
			LoadAssemblies (170ms)
			RebuildTransferFunctionScriptingTraits (0ms)
			SetupTypeCache (307ms)
			ReleaseScriptCaches (2ms)
			RebuildScriptCaches (51ms)
			SetupLoadedEditorAssemblies (616ms)
				LogAssemblyErrors (0ms)
				InitializePlatformSupportModulesInManaged (14ms)
				SetLoadedEditorAssemblies (1ms)
				RefreshPlugins (2ms)
				BeforeProcessingInitializeOnLoad (105ms)
				ProcessInitializeOnLoadAttributes (426ms)
				ProcessInitializeOnLoadMethodAttributes (51ms)
				AfterProcessingInitializeOnLoad (17ms)
				EditorAssembliesLoaded (0ms)
			ExecutionOrderSort2 (0ms)
			AwakeInstancesAfterBackupRestoration (9ms)
Platform modules already initialized, skipping
Refreshing native plugins compatible for Editor in 12.42 ms, found 14 plugins.
Preloading 0 native plugins for Editor in 0.00 ms.
Unloading 5570 Unused Serialized files (Serialized files now loaded: 0)
Unloading 44 unused Assets / (79.2 KB). Loaded Objects now: 6099.
Memory consumption went from 193.1 MB to 193.0 MB.
Total: 6.293900 ms (FindLiveObjects: 0.710300 ms CreateObjectMapping: 0.652600 ms MarkObjects: 4.774600 ms  DeleteObjects: 0.154700 ms)

AssetImportParameters requested are different than current active one (requested -> active):
  custom:video-decoder-ogg-theora: a1e56fd34408186e4bbccfd4996cb3dc -> 
  custom:container-muxer-webm: aa71ff27fc2769a1b78a27578f13a17b -> 
  custom:container-demuxer-webm: 4f35f7cbe854078d1ac9338744f61a02 -> 
  custom:video-encoder-webm-vp8: eb34c28f22e8b96e1ab97ce403110664 -> 
  custom:audio-encoder-webm-vorbis: bf7c407c2cedff20999df2af8eb42d56 -> 
  custom:framework-win-MediaFoundation: 216162199b28c13a410421893ffa2e32 -> 
  custom:container-demuxer-ogg: 62fdf1f143b41e24485cea50d1cbac27 -> 
  custom:video-decoder-webm-vp8: 9c59270c3fd7afecdb556c50c9e8de78 -> 
  custom:audio-decoder-ogg-vorbis: bf7c407c2cedff20999df2af8eb42d56 -> 
========================================================================
Received Prepare
Registering precompiled user dll's ...
Registered in 0.029953 seconds.
Begin MonoManager ReloadAssembly
Native extension for UWP target not found
Native extension for WindowsStandalone target not found
Refreshing native plugins compatible for Editor in 1.79 ms, found 14 plugins.
Preloading 0 native plugins for Editor in 0.00 ms.
Mono: successfully reloaded assembly
- Completed reload, in  1.458 seconds
Domain Reload Profiling:
	ReloadAssembly (1459ms)
		BeginReloadAssembly (190ms)
			ExecutionOrderSort (0ms)
			DisableScriptedObjects (4ms)
			BackupInstance (0ms)
			ReleaseScriptingObjects (0ms)
			CreateAndSetChildDomain (57ms)
		EndReloadAssembly (1153ms)
			LoadAssemblies (157ms)
			RebuildTransferFunctionScriptingTraits (0ms)
			SetupTypeCache (314ms)
			ReleaseScriptCaches (2ms)
			RebuildScriptCaches (46ms)
			SetupLoadedEditorAssemblies (561ms)
				LogAssemblyErrors (0ms)
				InitializePlatformSupportModulesInManaged (12ms)
				SetLoadedEditorAssemblies (0ms)
				RefreshPlugins (2ms)
				BeforeProcessingInitializeOnLoad (104ms)
				ProcessInitializeOnLoadAttributes (367ms)
				ProcessInitializeOnLoadMethodAttributes (58ms)
				AfterProcessingInitializeOnLoad (18ms)
				EditorAssembliesLoaded (0ms)
			ExecutionOrderSort2 (0ms)
			AwakeInstancesAfterBackupRestoration (8ms)
Platform modules already initialized, skipping
Refreshing native plugins compatible for Editor in 10.63 ms, found 14 plugins.
Preloading 0 native plugins for Editor in 0.00 ms.
Unloading 5570 Unused Serialized files (Serialized files now loaded: 0)
Unloading 44 unused Assets / (79.3 KB). Loaded Objects now: 6103.
Memory consumption went from 193.1 MB to 193.0 MB.
Total: 6.175300 ms (FindLiveObjects: 0.757300 ms CreateObjectMapping: 0.678100 ms MarkObjects: 4.572500 ms  DeleteObjects: 0.166200 ms)

AssetImportParameters requested are different than current active one (requested -> active):
  custom:video-decoder-ogg-theora: a1e56fd34408186e4bbccfd4996cb3dc -> 
  custom:container-muxer-webm: aa71ff27fc2769a1b78a27578f13a17b -> 
  custom:container-demuxer-webm: 4f35f7cbe854078d1ac9338744f61a02 -> 
  custom:video-encoder-webm-vp8: eb34c28f22e8b96e1ab97ce403110664 -> 
  custom:audio-encoder-webm-vorbis: bf7c407c2cedff20999df2af8eb42d56 -> 
  custom:framework-win-MediaFoundation: 216162199b28c13a410421893ffa2e32 -> 
  custom:container-demuxer-ogg: 62fdf1f143b41e24485cea50d1cbac27 -> 
  custom:video-decoder-webm-vp8: 9c59270c3fd7afecdb556c50c9e8de78 -> 
  custom:audio-decoder-ogg-vorbis: bf7c407c2cedff20999df2af8eb42d56 -> 
========================================================================
Received Import Request.
  Time since last request: 605149.515776 seconds.
  path: Assets/scripts/IcicleInteraction.cs
  artifactKey: Guid(5359e2a2c8f86384ab9f722ed2525310) Importer(815301076,1909f56bfc062723c751e8b465ee728b)
Start importing Assets/scripts/IcicleInteraction.cs using Guid(5359e2a2c8f86384ab9f722ed2525310) Importer(815301076,1909f56bfc062723c751e8b465ee728b)  -> (artifact id: 'ff370922565e555a3180fc022ea74870') in 0.043724 seconds 
========================================================================
Received Prepare
Registering precompiled user dll's ...
Registered in 0.022942 seconds.
Begin MonoManager ReloadAssembly
Native extension for UWP target not found
Native extension for WindowsStandalone target not found
Refreshing native plugins compatible for Editor in 1.78 ms, found 14 plugins.
Preloading 0 native plugins for Editor in 0.00 ms.
Mono: successfully reloaded assembly
- Completed reload, in  1.481 seconds
Domain Reload Profiling:
	ReloadAssembly (1481ms)
		BeginReloadAssembly (194ms)
			ExecutionOrderSort (0ms)
			DisableScriptedObjects (4ms)
			BackupInstance (0ms)
			ReleaseScriptingObjects (0ms)
			CreateAndSetChildDomain (52ms)
		EndReloadAssembly (1158ms)
			LoadAssemblies (169ms)
			RebuildTransferFunctionScriptingTraits (0ms)
			SetupTypeCache (305ms)
			ReleaseScriptCaches (2ms)
			RebuildScriptCaches (46ms)
			SetupLoadedEditorAssemblies (573ms)
				LogAssemblyErrors (0ms)
				InitializePlatformSupportModulesInManaged (12ms)
				SetLoadedEditorAssemblies (0ms)
				RefreshPlugins (2ms)
				BeforeProcessingInitializeOnLoad (99ms)
				ProcessInitializeOnLoadAttributes (395ms)
				ProcessInitializeOnLoadMethodAttributes (49ms)
				AfterProcessingInitializeOnLoad (15ms)
				EditorAssembliesLoaded (0ms)
			ExecutionOrderSort2 (0ms)
			AwakeInstancesAfterBackupRestoration (8ms)
Platform modules already initialized, skipping
Refreshing native plugins compatible for Editor in 10.02 ms, found 14 plugins.
Preloading 0 native plugins for Editor in 0.00 ms.
Unloading 5571 Unused Serialized files (Serialized files now loaded: 0)
Unloading 44 unused Assets / (79.1 KB). Loaded Objects now: 6108.
Memory consumption went from 193.1 MB to 193.0 MB.
Total: 5.550400 ms (FindLiveObjects: 0.696600 ms CreateObjectMapping: 0.576700 ms MarkObjects: 4.149900 ms  DeleteObjects: 0.125800 ms)

AssetImportParameters requested are different than current active one (requested -> active):
  custom:video-decoder-ogg-theora: a1e56fd34408186e4bbccfd4996cb3dc -> 
  custom:container-muxer-webm: aa71ff27fc2769a1b78a27578f13a17b -> 
  custom:container-demuxer-webm: 4f35f7cbe854078d1ac9338744f61a02 -> 
  custom:video-encoder-webm-vp8: eb34c28f22e8b96e1ab97ce403110664 -> 
  custom:audio-encoder-webm-vorbis: bf7c407c2cedff20999df2af8eb42d56 -> 
  custom:framework-win-MediaFoundation: 216162199b28c13a410421893ffa2e32 -> 
  custom:container-demuxer-ogg: 62fdf1f143b41e24485cea50d1cbac27 -> 
  custom:video-decoder-webm-vp8: 9c59270c3fd7afecdb556c50c9e8de78 -> 
  custom:audio-decoder-ogg-vorbis: bf7c407c2cedff20999df2af8eb42d56 -> 
========================================================================
Received Import Request.
  Time since last request: 759.275647 seconds.
  path: Assets/scripts/IcicleInteraction.cs
  artifactKey: Guid(5359e2a2c8f86384ab9f722ed2525310) Importer(815301076,1909f56bfc062723c751e8b465ee728b)
Start importing Assets/scripts/IcicleInteraction.cs using Guid(5359e2a2c8f86384ab9f722ed2525310) Importer(815301076,1909f56bfc062723c751e8b465ee728b)  -> (artifact id: 'a130a3e9c49453695ef660268d860d1f') in 0.018810 seconds 
========================================================================
Received Prepare
Registering precompiled user dll's ...
Registered in 0.022859 seconds.
Begin MonoManager ReloadAssembly
Native extension for UWP target not found
Native extension for WindowsStandalone target not found
Refreshing native plugins compatible for Editor in 1.71 ms, found 14 plugins.
Preloading 0 native plugins for Editor in 0.00 ms.
Mono: successfully reloaded assembly
- Completed reload, in  1.493 seconds
Domain Reload Profiling:
	ReloadAssembly (1493ms)
		BeginReloadAssembly (199ms)
			ExecutionOrderSort (0ms)
			DisableScriptedObjects (4ms)
			BackupInstance (0ms)
			ReleaseScriptingObjects (0ms)
			CreateAndSetChildDomain (55ms)
		EndReloadAssembly (1174ms)
			LoadAssemblies (174ms)
			RebuildTransferFunctionScriptingTraits (0ms)
			SetupTypeCache (313ms)
			ReleaseScriptCaches (2ms)
			RebuildScriptCaches (44ms)
			SetupLoadedEditorAssemblies (576ms)
				LogAssemblyErrors (0ms)
				InitializePlatformSupportModulesInManaged (13ms)
				SetLoadedEditorAssemblies (1ms)
				RefreshPlugins (2ms)
				BeforeProcessingInitializeOnLoad (101ms)
				ProcessInitializeOnLoadAttributes (396ms)
				ProcessInitializeOnLoadMethodAttributes (50ms)
				AfterProcessingInitializeOnLoad (14ms)
				EditorAssembliesLoaded (0ms)
			ExecutionOrderSort2 (0ms)
			AwakeInstancesAfterBackupRestoration (7ms)
Platform modules already initialized, skipping
Refreshing native plugins compatible for Editor in 10.44 ms, found 14 plugins.
Preloading 0 native plugins for Editor in 0.00 ms.
Unloading 5571 Unused Serialized files (Serialized files now loaded: 0)
Unloading 44 unused Assets / (79.2 KB). Loaded Objects now: 6112.
Memory consumption went from 193.1 MB to 193.1 MB.
Total: 5.581700 ms (FindLiveObjects: 0.736800 ms CreateObjectMapping: 0.647800 ms MarkObjects: 4.058500 ms  DeleteObjects: 0.137400 ms)

AssetImportParameters requested are different than current active one (requested -> active):
  custom:video-decoder-ogg-theora: a1e56fd34408186e4bbccfd4996cb3dc -> 
  custom:container-muxer-webm: aa71ff27fc2769a1b78a27578f13a17b -> 
  custom:container-demuxer-webm: 4f35f7cbe854078d1ac9338744f61a02 -> 
  custom:video-encoder-webm-vp8: eb34c28f22e8b96e1ab97ce403110664 -> 
  custom:audio-encoder-webm-vorbis: bf7c407c2cedff20999df2af8eb42d56 -> 
  custom:framework-win-MediaFoundation: 216162199b28c13a410421893ffa2e32 -> 
  custom:container-demuxer-ogg: 62fdf1f143b41e24485cea50d1cbac27 -> 
  custom:video-decoder-webm-vp8: 9c59270c3fd7afecdb556c50c9e8de78 -> 
  custom:audio-decoder-ogg-vorbis: bf7c407c2cedff20999df2af8eb42d56 -> 
========================================================================
Received Import Request.
  Time since last request: 385.782964 seconds.
  path: Assets/scripts/NewBehaviourScript.cs
  artifactKey: Guid(ca563921e13934f4b9892f8eda348687) Importer(815301076,1909f56bfc062723c751e8b465ee728b)
Start importing Assets/scripts/NewBehaviourScript.cs using Guid(ca563921e13934f4b9892f8eda348687) Importer(815301076,1909f56bfc062723c751e8b465ee728b)  -> (artifact id: '9dc9994e19e893e92274b5da25212f4b') in 0.025024 seconds 
========================================================================
Received Prepare
Registering precompiled user dll's ...
Registered in 0.023387 seconds.
Begin MonoManager ReloadAssembly
Native extension for UWP target not found
Native extension for WindowsStandalone target not found
Refreshing native plugins compatible for Editor in 1.89 ms, found 14 plugins.
Preloading 0 native plugins for Editor in 0.00 ms.
Mono: successfully reloaded assembly
- Completed reload, in  1.485 seconds
Domain Reload Profiling:
	ReloadAssembly (1485ms)
		BeginReloadAssembly (200ms)
			ExecutionOrderSort (0ms)
			DisableScriptedObjects (4ms)
			BackupInstance (0ms)
			ReleaseScriptingObjects (0ms)
			CreateAndSetChildDomain (55ms)
		EndReloadAssembly (1165ms)
			LoadAssemblies (171ms)
			RebuildTransferFunctionScriptingTraits (0ms)
			SetupTypeCache (313ms)
			ReleaseScriptCaches (2ms)
			RebuildScriptCaches (46ms)
			SetupLoadedEditorAssemblies (571ms)
				LogAssemblyErrors (0ms)
				InitializePlatformSupportModulesInManaged (12ms)
				SetLoadedEditorAssemblies (1ms)
				RefreshPlugins (2ms)
				BeforeProcessingInitializeOnLoad (100ms)
				ProcessInitializeOnLoadAttributes (393ms)
				ProcessInitializeOnLoadMethodAttributes (48ms)
				AfterProcessingInitializeOnLoad (15ms)
				EditorAssembliesLoaded (0ms)
			ExecutionOrderSort2 (0ms)
			AwakeInstancesAfterBackupRestoration (7ms)
Platform modules already initialized, skipping
Refreshing native plugins compatible for Editor in 10.54 ms, found 14 plugins.
Preloading 0 native plugins for Editor in 0.00 ms.
Unloading 5572 Unused Serialized files (Serialized files now loaded: 0)
Unloading 44 unused Assets / (79.3 KB). Loaded Objects now: 6117.
Memory consumption went from 193.2 MB to 193.1 MB.
Total: 5.340100 ms (FindLiveObjects: 0.679700 ms CreateObjectMapping: 0.706700 ms MarkObjects: 3.823900 ms  DeleteObjects: 0.128800 ms)

AssetImportParameters requested are different than current active one (requested -> active):
  custom:video-decoder-ogg-theora: a1e56fd34408186e4bbccfd4996cb3dc -> 
  custom:container-muxer-webm: aa71ff27fc2769a1b78a27578f13a17b -> 
  custom:container-demuxer-webm: 4f35f7cbe854078d1ac9338744f61a02 -> 
  custom:video-encoder-webm-vp8: eb34c28f22e8b96e1ab97ce403110664 -> 
  custom:audio-encoder-webm-vorbis: bf7c407c2cedff20999df2af8eb42d56 -> 
  custom:framework-win-MediaFoundation: 216162199b28c13a410421893ffa2e32 -> 
  custom:container-demuxer-ogg: 62fdf1f143b41e24485cea50d1cbac27 -> 
  custom:video-decoder-webm-vp8: 9c59270c3fd7afecdb556c50c9e8de78 -> 
  custom:audio-decoder-ogg-vorbis: bf7c407c2cedff20999df2af8eb42d56 -> 
========================================================================
Received Prepare
Registering precompiled user dll's ...
Registered in 0.028826 seconds.
Begin MonoManager ReloadAssembly
Native extension for UWP target not found
Native extension for WindowsStandalone target not found
Refreshing native plugins compatible for Editor in 1.83 ms, found 14 plugins.
Preloading 0 native plugins for Editor in 0.00 ms.
Mono: successfully reloaded assembly
- Completed reload, in  1.463 seconds
Domain Reload Profiling:
	ReloadAssembly (1464ms)
		BeginReloadAssembly (196ms)
			ExecutionOrderSort (0ms)
			DisableScriptedObjects (4ms)
			BackupInstance (0ms)
			ReleaseScriptingObjects (0ms)
			CreateAndSetChildDomain (55ms)
		EndReloadAssembly (1147ms)
			LoadAssemblies (171ms)
			RebuildTransferFunctionScriptingTraits (0ms)
			SetupTypeCache (308ms)
			ReleaseScriptCaches (2ms)
			RebuildScriptCaches (50ms)
			SetupLoadedEditorAssemblies (535ms)
				LogAssemblyErrors (0ms)
				InitializePlatformSupportModulesInManaged (12ms)
				SetLoadedEditorAssemblies (0ms)
				RefreshPlugins (2ms)
				BeforeProcessingInitializeOnLoad (97ms)
				ProcessInitializeOnLoadAttributes (360ms)
				ProcessInitializeOnLoadMethodAttributes (50ms)
				AfterProcessingInitializeOnLoad (13ms)
				EditorAssembliesLoaded (0ms)
			ExecutionOrderSort2 (0ms)
			AwakeInstancesAfterBackupRestoration (8ms)
Platform modules already initialized, skipping
Refreshing native plugins compatible for Editor in 10.16 ms, found 14 plugins.
Preloading 0 native plugins for Editor in 0.00 ms.
Unloading 5572 Unused Serialized files (Serialized files now loaded: 0)
Unloading 44 unused Assets / (79.2 KB). Loaded Objects now: 6121.
Memory consumption went from 193.2 MB to 193.2 MB.
Total: 5.189500 ms (FindLiveObjects: 0.730600 ms CreateObjectMapping: 0.628300 ms MarkObjects: 3.701400 ms  DeleteObjects: 0.128300 ms)

AssetImportParameters requested are different than current active one (requested -> active):
  custom:video-decoder-ogg-theora: a1e56fd34408186e4bbccfd4996cb3dc -> 
  custom:container-muxer-webm: aa71ff27fc2769a1b78a27578f13a17b -> 
  custom:container-demuxer-webm: 4f35f7cbe854078d1ac9338744f61a02 -> 
  custom:video-encoder-webm-vp8: eb34c28f22e8b96e1ab97ce403110664 -> 
  custom:audio-encoder-webm-vorbis: bf7c407c2cedff20999df2af8eb42d56 -> 
  custom:framework-win-MediaFoundation: 216162199b28c13a410421893ffa2e32 -> 
  custom:container-demuxer-ogg: 62fdf1f143b41e24485cea50d1cbac27 -> 
  custom:video-decoder-webm-vp8: 9c59270c3fd7afecdb556c50c9e8de78 -> 
  custom:audio-decoder-ogg-vorbis: bf7c407c2cedff20999df2af8eb42d56 -> 
========================================================================
Received Import Request.
  Time since last request: 99.398354 seconds.
  path: Assets/scripts/NewBehaviourScript.cs
  artifactKey: Guid(ca563921e13934f4b9892f8eda348687) Importer(815301076,1909f56bfc062723c751e8b465ee728b)
Start importing Assets/scripts/NewBehaviourScript.cs using Guid(ca563921e13934f4b9892f8eda348687) Importer(815301076,1909f56bfc062723c751e8b465ee728b)  -> (artifact id: '5c1e55fb60a3ea8ff87516e5947777b0') in 0.013018 seconds 
========================================================================
Received Import Request.
  Time since last request: 1.016863 seconds.
  path: Assets/scripts/IcicleClickHandler.cs
  artifactKey: Guid(ca563921e13934f4b9892f8eda348687) Importer(815301076,1909f56bfc062723c751e8b465ee728b)
Start importing Assets/scripts/IcicleClickHandler.cs using Guid(ca563921e13934f4b9892f8eda348687) Importer(815301076,1909f56bfc062723c751e8b465ee728b)  -> (artifact id: '2739a64eb5c6b0bb250de28e19b95846') in 0.009758 seconds 
========================================================================
Received Prepare
Registering precompiled user dll's ...
Registered in 0.023762 seconds.
Begin MonoManager ReloadAssembly
Native extension for UWP target not found
Native extension for WindowsStandalone target not found
Refreshing native plugins compatible for Editor in 1.78 ms, found 14 plugins.
Preloading 0 native plugins for Editor in 0.00 ms.
Mono: successfully reloaded assembly
- Completed reload, in  1.477 seconds
Domain Reload Profiling:
	ReloadAssembly (1478ms)
		BeginReloadAssembly (186ms)
			ExecutionOrderSort (0ms)
			DisableScriptedObjects (4ms)
			BackupInstance (0ms)
			ReleaseScriptingObjects (0ms)
			CreateAndSetChildDomain (52ms)
		EndReloadAssembly (1166ms)
			LoadAssemblies (164ms)
			RebuildTransferFunctionScriptingTraits (0ms)
			SetupTypeCache (315ms)
			ReleaseScriptCaches (2ms)
			RebuildScriptCaches (48ms)
			SetupLoadedEditorAssemblies (575ms)
				LogAssemblyErrors (0ms)
				InitializePlatformSupportModulesInManaged (13ms)
				SetLoadedEditorAssemblies (0ms)
				RefreshPlugins (2ms)
				BeforeProcessingInitializeOnLoad (102ms)
				ProcessInitializeOnLoadAttributes (392ms)
				ProcessInitializeOnLoadMethodAttributes (51ms)
				AfterProcessingInitializeOnLoad (16ms)
				EditorAssembliesLoaded (0ms)
			ExecutionOrderSort2 (0ms)
			AwakeInstancesAfterBackupRestoration (8ms)
Platform modules already initialized, skipping
Refreshing native plugins compatible for Editor in 9.96 ms, found 14 plugins.
Preloading 0 native plugins for Editor in 0.00 ms.
Unloading 5572 Unused Serialized files (Serialized files now loaded: 0)
Unloading 44 unused Assets / (79.2 KB). Loaded Objects now: 6125.
Memory consumption went from 193.3 MB to 193.2 MB.
Total: 4.961500 ms (FindLiveObjects: 0.694900 ms CreateObjectMapping: 0.494100 ms MarkObjects: 3.642500 ms  DeleteObjects: 0.129100 ms)

AssetImportParameters requested are different than current active one (requested -> active):
  custom:video-decoder-ogg-theora: a1e56fd34408186e4bbccfd4996cb3dc -> 
  custom:container-muxer-webm: aa71ff27fc2769a1b78a27578f13a17b -> 
  custom:container-demuxer-webm: 4f35f7cbe854078d1ac9338744f61a02 -> 
  custom:video-encoder-webm-vp8: eb34c28f22e8b96e1ab97ce403110664 -> 
  custom:audio-encoder-webm-vorbis: bf7c407c2cedff20999df2af8eb42d56 -> 
  custom:framework-win-MediaFoundation: 216162199b28c13a410421893ffa2e32 -> 
  custom:container-demuxer-ogg: 62fdf1f143b41e24485cea50d1cbac27 -> 
  custom:video-decoder-webm-vp8: 9c59270c3fd7afecdb556c50c9e8de78 -> 
  custom:audio-decoder-ogg-vorbis: bf7c407c2cedff20999df2af8eb42d56 -> 
========================================================================
Received Import Request.
  Time since last request: 62.385868 seconds.
  path: Assets/prefab/Cube.prefab
  artifactKey: Guid(05871377cfffec04d8fa15cf24630cad) Importer(815301076,1909f56bfc062723c751e8b465ee728b)
Start importing Assets/prefab/Cube.prefab using Guid(05871377cfffec04d8fa15cf24630cad) Importer(815301076,1909f56bfc062723c751e8b465ee728b)  -> (artifact id: '4875ea6fe90bb10dba25f88a6406832c') in 0.144486 seconds 
========================================================================
Received Import Request.
  Time since last request: 143.363226 seconds.
  path: Assets/MRTK/Shaders/MixedRealityShaderUtils.cginc
  artifactKey: Guid(dfab24eea71ce3745be340d7a24fe8eb) Importer(815301076,1909f56bfc062723c751e8b465ee728b)
Start importing Assets/MRTK/Shaders/MixedRealityShaderUtils.cginc using Guid(dfab24eea71ce3745be340d7a24fe8eb) Importer(815301076,1909f56bfc062723c751e8b465ee728b)  -> (artifact id: 'ab5c2a9e25462dacb5f735fa4db3aef2') in 0.029101 seconds 
========================================================================
Received Import Request.
  Time since last request: 1.555855 seconds.
  path: Assets/MixedRealityToolkit.Generated/ProjectPreferences.asset
  artifactKey: Guid(4ddc4d22c39ac3542898606fa5b0ff20) Importer(815301076,1909f56bfc062723c751e8b465ee728b)
Start importing Assets/MixedRealityToolkit.Generated/ProjectPreferences.asset using Guid(4ddc4d22c39ac3542898606fa5b0ff20) Importer(815301076,1909f56bfc062723c751e8b465ee728b)  -> (artifact id: '1585fcf5ebede570f8d9152cf4d2bf7e') in 0.019883 seconds 
========================================================================
Received Import Request.
  Time since last request: 10.304164 seconds.
  path: Assets/material/New Material.mat
  artifactKey: Guid(c895590f5b95a0a4f9aebe15d015c8de) Importer(815301076,1909f56bfc062723c751e8b465ee728b)
Start importing Assets/material/New Material.mat using Guid(c895590f5b95a0a4f9aebe15d015c8de) Importer(815301076,1909f56bfc062723c751e8b465ee728b)  -> (artifact id: '5ab9132813e6661a83fc7ee82d50c9cc') in 0.036449 seconds 
========================================================================
Received Import Request.
  Time since last request: 0.584030 seconds.
  path: Assets/meshes/Cone.fbx
  artifactKey: Guid(69b0c2add42254448b96783c950f920b) Importer(815301076,1909f56bfc062723c751e8b465ee728b)
Start importing Assets/meshes/Cone.fbx using Guid(69b0c2add42254448b96783c950f920b) Importer(815301076,1909f56bfc062723c751e8b465ee728b)  -> (artifact id: 'd2490ee3fd77c8e0decd1caabdb32228') in 0.269784 seconds 
========================================================================
Received Prepare
Registering precompiled user dll's ...
Registered in 0.024311 seconds.
Begin MonoManager ReloadAssembly
Native extension for UWP target not found
Native extension for WindowsStandalone target not found
Refreshing native plugins compatible for Editor in 1.94 ms, found 14 plugins.
Preloading 0 native plugins for Editor in 0.00 ms.
Mono: successfully reloaded assembly
- Completed reload, in  1.520 seconds
Domain Reload Profiling:
	ReloadAssembly (1520ms)
		BeginReloadAssembly (193ms)
			ExecutionOrderSort (0ms)
			DisableScriptedObjects (4ms)
			BackupInstance (0ms)
			ReleaseScriptingObjects (0ms)
			CreateAndSetChildDomain (57ms)
		EndReloadAssembly (1209ms)
			LoadAssemblies (166ms)
			RebuildTransferFunctionScriptingTraits (0ms)
			SetupTypeCache (315ms)
			ReleaseScriptCaches (2ms)
			RebuildScriptCaches (46ms)
			SetupLoadedEditorAssemblies (603ms)
				LogAssemblyErrors (0ms)
				InitializePlatformSupportModulesInManaged (12ms)
				SetLoadedEditorAssemblies (1ms)
				RefreshPlugins (2ms)
				BeforeProcessingInitializeOnLoad (103ms)
				ProcessInitializeOnLoadAttributes (415ms)
				ProcessInitializeOnLoadMethodAttributes (52ms)
				AfterProcessingInitializeOnLoad (17ms)
				EditorAssembliesLoaded (0ms)
			ExecutionOrderSort2 (0ms)
			AwakeInstancesAfterBackupRestoration (9ms)
Platform modules already initialized, skipping
Refreshing native plugins compatible for Editor in 13.19 ms, found 14 plugins.
Preloading 0 native plugins for Editor in 0.00 ms.
Unloading 5694 Unused Serialized files (Serialized files now loaded: 0)
Unloading 44 unused Assets / (79.2 KB). Loaded Objects now: 6295.
Memory consumption went from 201.0 MB to 200.9 MB.
Total: 5.119600 ms (FindLiveObjects: 0.740800 ms CreateObjectMapping: 0.482000 ms MarkObjects: 3.770700 ms  DeleteObjects: 0.124100 ms)

AssetImportParameters requested are different than current active one (requested -> active):
  custom:video-decoder-ogg-theora: a1e56fd34408186e4bbccfd4996cb3dc -> 
  custom:container-muxer-webm: aa71ff27fc2769a1b78a27578f13a17b -> 
  custom:container-demuxer-webm: 4f35f7cbe854078d1ac9338744f61a02 -> 
  custom:video-encoder-webm-vp8: eb34c28f22e8b96e1ab97ce403110664 -> 
  custom:audio-encoder-webm-vorbis: bf7c407c2cedff20999df2af8eb42d56 -> 
  custom:framework-win-MediaFoundation: 216162199b28c13a410421893ffa2e32 -> 
  custom:container-demuxer-ogg: 62fdf1f143b41e24485cea50d1cbac27 -> 
  custom:video-decoder-webm-vp8: 9c59270c3fd7afecdb556c50c9e8de78 -> 
  custom:audio-decoder-ogg-vorbis: bf7c407c2cedff20999df2af8eb42d56 -> 
========================================================================
Received Import Request.
  Time since last request: 352.097625 seconds.
  path: Assets/MRTK/Examples/Demos
  artifactKey: Guid(cd94fe83eea94c3f8483254816c39f70) Importer(815301076,1909f56bfc062723c751e8b465ee728b)
Start importing Assets/MRTK/Examples/Demos using Guid(cd94fe83eea94c3f8483254816c39f70) Importer(815301076,1909f56bfc062723c751e8b465ee728b)  -> (artifact id: 'abe13ed54645348ce7d424e1b6f34671') in 0.024039 seconds 
========================================================================
Received Import Request.
  Time since last request: 6.110472 seconds.
  path: Assets/MRTK/Examples/Demos/Input
  artifactKey: Guid(d1e70cbe0774cc24889f90766934827b) Importer(815301076,1909f56bfc062723c751e8b465ee728b)
Start importing Assets/MRTK/Examples/Demos/Input using Guid(d1e70cbe0774cc24889f90766934827b) Importer(815301076,1909f56bfc062723c751e8b465ee728b)  -> (artifact id: '63424423adbdb6d9f9af0c0df34b4e8b') in 0.010776 seconds 
========================================================================
Received Import Request.
  Time since last request: 1.200430 seconds.
  path: Assets/MRTK/Examples/Demos/Input/Scenes
  artifactKey: Guid(a5c1db19ceed7e644aefcf2b7060933e) Importer(815301076,1909f56bfc062723c751e8b465ee728b)
Start importing Assets/MRTK/Examples/Demos/Input/Scenes using Guid(a5c1db19ceed7e644aefcf2b7060933e) Importer(815301076,1909f56bfc062723c751e8b465ee728b)  -> (artifact id: '21e62d398be4135b29457f66fdfa213d') in 0.009716 seconds 
========================================================================
Received Import Request.
  Time since last request: 17.539395 seconds.
  path: Assets/MRTK/Examples/Demos/HandTracking
  artifactKey: Guid(aa4995968651f784f8280c6e0997232d) Importer(815301076,1909f56bfc062723c751e8b465ee728b)
Start importing Assets/MRTK/Examples/Demos/HandTracking using Guid(aa4995968651f784f8280c6e0997232d) Importer(815301076,1909f56bfc062723c751e8b465ee728b)  -> (artifact id: 'd9763c8d76304daf40b27facba21a1e2') in 0.010521 seconds 
========================================================================
Received Import Request.
  Time since last request: 4.673472 seconds.
  path: Assets/MRTK/Examples
  artifactKey: Guid(e435a39b851a42cc949d90b7f4b83137) Importer(815301076,1909f56bfc062723c751e8b465ee728b)
Start importing Assets/MRTK/Examples using Guid(e435a39b851a42cc949d90b7f4b83137) Importer(815301076,1909f56bfc062723c751e8b465ee728b)  -> (artifact id: '4b49b6c57a115ac423cc072c8ebd27f9') in 0.009671 seconds 
========================================================================
Received Import Request.
  Time since last request: 2.275544 seconds.
  path: Assets/MRTK/Examples/Experimental
  artifactKey: Guid(82c284801471c0a4ea588765a88caf64) Importer(815301076,1909f56bfc062723c751e8b465ee728b)
Start importing Assets/MRTK/Examples/Experimental using Guid(82c284801471c0a4ea588765a88caf64) Importer(815301076,1909f56bfc062723c751e8b465ee728b)  -> (artifact id: 'f244ff13dc2d3145d8f16d64529094f1') in 0.009528 seconds 
========================================================================
Received Import Request.
  Time since last request: 14.283243 seconds.
  path: Assets/MRTK/Examples/MixedReality.Toolkit.Examples.nuspec
  artifactKey: Guid(94ffdb85df73460ea8e3593d7d5d4022) Importer(815301076,1909f56bfc062723c751e8b465ee728b)
Start importing Assets/MRTK/Examples/MixedReality.Toolkit.Examples.nuspec using Guid(94ffdb85df73460ea8e3593d7d5d4022) Importer(815301076,1909f56bfc062723c751e8b465ee728b)  -> (artifact id: 'e22d543402e227db6aaf7e21e9c818b5') in 0.020382 seconds 
========================================================================
Received Import Request.
  Time since last request: 33.952418 seconds.
  path: Assets/MRTK/Examples/Demos/HandTracking/Scenes
  artifactKey: Guid(d26243c9f26f7934aa6f7563c2908601) Importer(815301076,1909f56bfc062723c751e8b465ee728b)
Start importing Assets/MRTK/Examples/Demos/HandTracking/Scenes using Guid(d26243c9f26f7934aa6f7563c2908601) Importer(815301076,1909f56bfc062723c751e8b465ee728b)  -> (artifact id: '90bf348c74c812120d8abaab038c3d9b') in 0.002598 seconds 
========================================================================
Received Import Request.
  Time since last request: 2.881061 seconds.
  path: Assets/MRTK/Examples/Demos/HandTracking/Scenes/HandInteractionExamples.unity
  artifactKey: Guid(3dd4a396b5225f8469b9a1eb608bfa57) Importer(815301076,1909f56bfc062723c751e8b465ee728b)
Start importing Assets/MRTK/Examples/Demos/HandTracking/Scenes/HandInteractionExamples.unity using Guid(3dd4a396b5225f8469b9a1eb608bfa57) Importer(815301076,1909f56bfc062723c751e8b465ee728b)  -> (artifact id: '38d11be8a98f24497161d7293910f898') in 0.011131 seconds 
========================================================================
Received Prepare
Registering precompiled user dll's ...
Registered in 0.030843 seconds.
Begin MonoManager ReloadAssembly
Native extension for UWP target not found
Native extension for WindowsStandalone target not found
Refreshing native plugins compatible for Editor in 1.97 ms, found 14 plugins.
Preloading 0 native plugins for Editor in 0.00 ms.
Mono: successfully reloaded assembly
- Completed reload, in  1.501 seconds
Domain Reload Profiling:
	ReloadAssembly (1502ms)
		BeginReloadAssembly (206ms)
			ExecutionOrderSort (0ms)
			DisableScriptedObjects (4ms)
			BackupInstance (0ms)
			ReleaseScriptingObjects (0ms)
			CreateAndSetChildDomain (53ms)
		EndReloadAssembly (1163ms)
			LoadAssemblies (188ms)
			RebuildTransferFunctionScriptingTraits (0ms)
			SetupTypeCache (320ms)
			ReleaseScriptCaches (2ms)
			RebuildScriptCaches (47ms)
			SetupLoadedEditorAssemblies (545ms)
				LogAssemblyErrors (0ms)
				InitializePlatformSupportModulesInManaged (12ms)
				SetLoadedEditorAssemblies (0ms)
				RefreshPlugins (2ms)
				BeforeProcessingInitializeOnLoad (100ms)
				ProcessInitializeOnLoadAttributes (368ms)
				ProcessInitializeOnLoadMethodAttributes (48ms)
				AfterProcessingInitializeOnLoad (13ms)
				EditorAssembliesLoaded (0ms)
			ExecutionOrderSort2 (0ms)
			AwakeInstancesAfterBackupRestoration (7ms)
Platform modules already initialized, skipping
Refreshing native plugins compatible for Editor in 10.19 ms, found 14 plugins.
Preloading 0 native plugins for Editor in 0.00 ms.
Unloading 5694 Unused Serialized files (Serialized files now loaded: 0)
Unloading 44 unused Assets / (79.3 KB). Loaded Objects now: 6299.
Memory consumption went from 201.0 MB to 200.9 MB.
Total: 5.567000 ms (FindLiveObjects: 0.720300 ms CreateObjectMapping: 0.607500 ms MarkObjects: 3.817500 ms  DeleteObjects: 0.419900 ms)

AssetImportParameters requested are different than current active one (requested -> active):
  custom:video-decoder-ogg-theora: a1e56fd34408186e4bbccfd4996cb3dc -> 
  custom:container-muxer-webm: aa71ff27fc2769a1b78a27578f13a17b -> 
  custom:container-demuxer-webm: 4f35f7cbe854078d1ac9338744f61a02 -> 
  custom:video-encoder-webm-vp8: eb34c28f22e8b96e1ab97ce403110664 -> 
  custom:audio-encoder-webm-vorbis: bf7c407c2cedff20999df2af8eb42d56 -> 
  custom:framework-win-MediaFoundation: 216162199b28c13a410421893ffa2e32 -> 
  custom:container-demuxer-ogg: 62fdf1f143b41e24485cea50d1cbac27 -> 
  custom:video-decoder-webm-vp8: 9c59270c3fd7afecdb556c50c9e8de78 -> 
  custom:audio-decoder-ogg-vorbis: bf7c407c2cedff20999df2af8eb42d56 -> 
========================================================================
Received Import Request.
  Time since last request: 403.215757 seconds.
  path: Assets/Scenes/SampleScene.unity
  artifactKey: Guid(9fc0d4010bbf28b4594072e72b8655ab) Importer(815301076,1909f56bfc062723c751e8b465ee728b)
Start importing Assets/Scenes/SampleScene.unity using Guid(9fc0d4010bbf28b4594072e72b8655ab) Importer(815301076,1909f56bfc062723c751e8b465ee728b)  -> (artifact id: 'e8b62d3c70e24b31821c634f336dc2fe') in 0.025388 seconds 
========================================================================
Received Import Request.
  Time since last request: 65.129816 seconds.
  path: Assets/prefab/Cube.prefab
  artifactKey: Guid(05871377cfffec04d8fa15cf24630cad) Importer(815301076,1909f56bfc062723c751e8b465ee728b)
Start importing Assets/prefab/Cube.prefab using Guid(05871377cfffec04d8fa15cf24630cad) Importer(815301076,1909f56bfc062723c751e8b465ee728b)  -> (artifact id: '504b84ffaf5c84acd3f4d294b8e1d539') in 0.084048 seconds 
========================================================================
Received Import Request.
  Time since last request: 25.543544 seconds.
  path: Assets/prefab/Cube.prefab
  artifactKey: Guid(05871377cfffec04d8fa15cf24630cad) Importer(815301076,1909f56bfc062723c751e8b465ee728b)
Start importing Assets/prefab/Cube.prefab using Guid(05871377cfffec04d8fa15cf24630cad) Importer(815301076,1909f56bfc062723c751e8b465ee728b)  -> (artifact id: '099d5b02bfdae5d7a27d86e5e2466787') in 0.019597 seconds 
========================================================================
Received Import Request.
  Time since last request: 35.419616 seconds.
  path: Assets/XR/Settings/OpenXR Package Settings.asset
  artifactKey: Guid(721b2225288e1e44cb50655202b32748) Importer(815301076,1909f56bfc062723c751e8b465ee728b)
Start importing Assets/XR/Settings/OpenXR Package Settings.asset using Guid(721b2225288e1e44cb50655202b32748) Importer(815301076,1909f56bfc062723c751e8b465ee728b)  -> (artifact id: '0cfab6c1dc2f57e3be643126021dddca') in 0.016490 seconds 
========================================================================
Received Import Request.
  Time since last request: 2.217958 seconds.
  path: Assets/MRTK/Examples/Demos/Gltf/Models/Avocado/glTF/Avocado.gltf
  artifactKey: Guid(69c7e3c117890dc4eaf92659b4fa5348) Importer(815301076,1909f56bfc062723c751e8b465ee728b)
Start importing Assets/MRTK/Examples/Demos/Gltf/Models/Avocado/glTF/Avocado.gltf using Guid(69c7e3c117890dc4eaf92659b4fa5348) Importer(815301076,1909f56bfc062723c751e8b465ee728b)  -> (artifact id: '95fd1b1f7c8e219fe941f542af221cfa') in 0.183320 seconds 
========================================================================
Received Import Request.
  Time since last request: 0.172668 seconds.
  path: Assets/MRTK/Examples/Demos/Gltf/Models/Avocado/glTF/AvocadoCustomAttr.gltf
  artifactKey: Guid(fea29429b97dbb14b97820f56c74060a) Importer(815301076,1909f56bfc062723c751e8b465ee728b)
Start importing Assets/MRTK/Examples/Demos/Gltf/Models/Avocado/glTF/AvocadoCustomAttr.gltf using Guid(fea29429b97dbb14b97820f56c74060a) Importer(815301076,1909f56bfc062723c751e8b465ee728b)  -> (artifact id: '62cf44f133d0980702f8190c23a974fc') in 0.048038 seconds 
========================================================================
Received Prepare
Registering precompiled user dll's ...
Registered in 0.031653 seconds.
Begin MonoManager ReloadAssembly
Native extension for UWP target not found
Native extension for WindowsStandalone target not found
Refreshing native plugins compatible for Editor in 2.11 ms, found 14 plugins.
Preloading 0 native plugins for Editor in 0.00 ms.
Mono: successfully reloaded assembly
- Completed reload, in  1.643 seconds
Domain Reload Profiling:
	ReloadAssembly (1644ms)
		BeginReloadAssembly (199ms)
			ExecutionOrderSort (0ms)
			DisableScriptedObjects (4ms)
			BackupInstance (0ms)
			ReleaseScriptingObjects (0ms)
			CreateAndSetChildDomain (58ms)
		EndReloadAssembly (1322ms)
			LoadAssemblies (167ms)
			RebuildTransferFunctionScriptingTraits (0ms)
			SetupTypeCache (318ms)
			ReleaseScriptCaches (2ms)
			RebuildScriptCaches (52ms)
			SetupLoadedEditorAssemblies (595ms)
				LogAssemblyErrors (0ms)
				InitializePlatformSupportModulesInManaged (13ms)
				SetLoadedEditorAssemblies (1ms)
				RefreshPlugins (2ms)
				BeforeProcessingInitializeOnLoad (104ms)
				ProcessInitializeOnLoadAttributes (401ms)
				ProcessInitializeOnLoadMethodAttributes (59ms)
				AfterProcessingInitializeOnLoad (15ms)
				EditorAssembliesLoaded (0ms)
			ExecutionOrderSort2 (0ms)
			AwakeInstancesAfterBackupRestoration (7ms)
Platform modules already initialized, skipping
Refreshing native plugins compatible for Editor in 10.65 ms, found 14 plugins.
Preloading 0 native plugins for Editor in 0.00 ms.
Unloading 5695 Unused Serialized files (Serialized files now loaded: 0)
Unloading 79 unused Assets / (84.8 KB). Loaded Objects now: 6268.
Memory consumption went from 201.1 MB to 201.0 MB.
Total: 6.019300 ms (FindLiveObjects: 0.709900 ms CreateObjectMapping: 0.583500 ms MarkObjects: 4.432100 ms  DeleteObjects: 0.292200 ms)

AssetImportParameters requested are different than current active one (requested -> active):
  custom:video-decoder-ogg-theora: a1e56fd34408186e4bbccfd4996cb3dc -> 
  custom:container-muxer-webm: aa71ff27fc2769a1b78a27578f13a17b -> 
  custom:container-demuxer-webm: 4f35f7cbe854078d1ac9338744f61a02 -> 
  custom:video-encoder-webm-vp8: eb34c28f22e8b96e1ab97ce403110664 -> 
  custom:audio-encoder-webm-vorbis: bf7c407c2cedff20999df2af8eb42d56 -> 
  custom:framework-win-MediaFoundation: 216162199b28c13a410421893ffa2e32 -> 
  custom:container-demuxer-ogg: 62fdf1f143b41e24485cea50d1cbac27 -> 
  custom:video-decoder-webm-vp8: 9c59270c3fd7afecdb556c50c9e8de78 -> 
  custom:audio-decoder-ogg-vorbis: bf7c407c2cedff20999df2af8eb42d56 -> 
========================================================================
Received Import Request.
  Time since last request: 88860.640703 seconds.
  path: Assets/prefab/popupTextPrefabtext.prefab
  artifactKey: Guid(932f690b45734df4aa3f57f421802556) Importer(815301076,1909f56bfc062723c751e8b465ee728b)
Start importing Assets/prefab/popupTextPrefabtext.prefab using Guid(932f690b45734df4aa3f57f421802556) Importer(815301076,1909f56bfc062723c751e8b465ee728b)  -> (artifact id: 'a2d7161158de42a8d084e2d27486133d') in 0.092223 seconds 
========================================================================
Received Prepare
Registering precompiled user dll's ...
Registered in 0.023976 seconds.
Begin MonoManager ReloadAssembly
Native extension for UWP target not found
Native extension for WindowsStandalone target not found
Refreshing native plugins compatible for Editor in 1.91 ms, found 14 plugins.
Preloading 0 native plugins for Editor in 0.00 ms.
Mono: successfully reloaded assembly
- Completed reload, in  1.478 seconds
Domain Reload Profiling:
	ReloadAssembly (1478ms)
		BeginReloadAssembly (195ms)
			ExecutionOrderSort (0ms)
			DisableScriptedObjects (4ms)
			BackupInstance (0ms)
			ReleaseScriptingObjects (0ms)
			CreateAndSetChildDomain (54ms)
		EndReloadAssembly (1158ms)
			LoadAssemblies (171ms)
			RebuildTransferFunctionScriptingTraits (0ms)
			SetupTypeCache (305ms)
			ReleaseScriptCaches (3ms)
			RebuildScriptCaches (52ms)
			SetupLoadedEditorAssemblies (588ms)
				LogAssemblyErrors (0ms)
				InitializePlatformSupportModulesInManaged (12ms)
				SetLoadedEditorAssemblies (0ms)
				RefreshPlugins (2ms)
				BeforeProcessingInitializeOnLoad (108ms)
				ProcessInitializeOnLoadAttributes (398ms)
				ProcessInitializeOnLoadMethodAttributes (54ms)
				AfterProcessingInitializeOnLoad (14ms)
				EditorAssembliesLoaded (0ms)
			ExecutionOrderSort2 (0ms)
			AwakeInstancesAfterBackupRestoration (6ms)
Platform modules already initialized, skipping
Refreshing native plugins compatible for Editor in 11.11 ms, found 14 plugins.
Preloading 0 native plugins for Editor in 0.00 ms.
Unloading 5708 Unused Serialized files (Serialized files now loaded: 0)
Unloading 57 unused Assets / (0.7 MB). Loaded Objects now: 6272.
Memory consumption went from 203.1 MB to 202.4 MB.
Total: 5.472200 ms (FindLiveObjects: 0.695400 ms CreateObjectMapping: 0.552900 ms MarkObjects: 3.740800 ms  DeleteObjects: 0.481800 ms)

AssetImportParameters requested are different than current active one (requested -> active):
  custom:video-decoder-ogg-theora: a1e56fd34408186e4bbccfd4996cb3dc -> 
  custom:container-muxer-webm: aa71ff27fc2769a1b78a27578f13a17b -> 
  custom:container-demuxer-webm: 4f35f7cbe854078d1ac9338744f61a02 -> 
  custom:video-encoder-webm-vp8: eb34c28f22e8b96e1ab97ce403110664 -> 
  custom:audio-encoder-webm-vorbis: bf7c407c2cedff20999df2af8eb42d56 -> 
  custom:framework-win-MediaFoundation: 216162199b28c13a410421893ffa2e32 -> 
  custom:container-demuxer-ogg: 62fdf1f143b41e24485cea50d1cbac27 -> 
  custom:video-decoder-webm-vp8: 9c59270c3fd7afecdb556c50c9e8de78 -> 
  custom:audio-decoder-ogg-vorbis: bf7c407c2cedff20999df2af8eb42d56 -> 
========================================================================
Received Import Request.
  Time since last request: 507.770425 seconds.
  path: Assets/MRTK/Examples/Demos/UX/Interactables/Prefabs/balloon.prefab
  artifactKey: Guid(0ceaaf28e492a284fbf57901d04075ad) Importer(815301076,1909f56bfc062723c751e8b465ee728b)
Start importing Assets/MRTK/Examples/Demos/UX/Interactables/Prefabs/balloon.prefab using Guid(0ceaaf28e492a284fbf57901d04075ad) Importer(815301076,1909f56bfc062723c751e8b465ee728b)  -> (artifact id: '478f838e3589b60b583c671d03ebd524') in 0.240463 seconds 
========================================================================
Received Import Request.
  Time since last request: 0.098444 seconds.
  path: Assets/MRTK/Examples/Experimental/HandMenuLayout/Materials/ButtonBox_BodyFace_mat.mat
  artifactKey: Guid(e7d28a0975ff4514ca98304c59eca8c7) Importer(815301076,1909f56bfc062723c751e8b465ee728b)
Start importing Assets/MRTK/Examples/Experimental/HandMenuLayout/Materials/ButtonBox_BodyFace_mat.mat using Guid(e7d28a0975ff4514ca98304c59eca8c7) Importer(815301076,1909f56bfc062723c751e8b465ee728b)  -> (artifact id: '6371939abf9d60256e78262dcc409c50') in 0.120073 seconds 
========================================================================
Received Import Request.
  Time since last request: 0.000044 seconds.
  path: Assets/MRTK/Examples/Experimental/CameraOffset/CameraOffsetInputSystemProfile.asset
  artifactKey: Guid(5c2edccfb700e2948af1ea9fb1e70cb6) Importer(815301076,1909f56bfc062723c751e8b465ee728b)
Start importing Assets/MRTK/Examples/Experimental/CameraOffset/CameraOffsetInputSystemProfile.asset using Guid(5c2edccfb700e2948af1ea9fb1e70cb6) Importer(815301076,1909f56bfc062723c751e8b465ee728b)  -> (artifact id: 'c1967f58e19809183ec243b48679cea5') in 0.561402 seconds 
========================================================================
Received Import Request.
  Time since last request: 12.351364 seconds.
  path: Assets/MRTK/Examples/Demos/ScrollingObjectCollection/Prefabs/DynamicScrollPopulator.prefab
  artifactKey: Guid(d609c2ee7846cdc4b9f19927ba7f1bc9) Importer(815301076,1909f56bfc062723c751e8b465ee728b)
Start importing Assets/MRTK/Examples/Demos/ScrollingObjectCollection/Prefabs/DynamicScrollPopulator.prefab using Guid(d609c2ee7846cdc4b9f19927ba7f1bc9) Importer(815301076,1909f56bfc062723c751e8b465ee728b)  -> (artifact id: '7c64203c728c16bcf207223c5cbd6523') in 0.555199 seconds 
========================================================================
Received Prepare
Registering precompiled user dll's ...
Registered in 0.024060 seconds.
Begin MonoManager ReloadAssembly
Native extension for UWP target not found
Native extension for WindowsStandalone target not found
Refreshing native plugins compatible for Editor in 1.98 ms, found 14 plugins.
Preloading 0 native plugins for Editor in 0.00 ms.
Mono: successfully reloaded assembly
- Completed reload, in  1.404 seconds
Domain Reload Profiling:
	ReloadAssembly (1405ms)
		BeginReloadAssembly (188ms)
			ExecutionOrderSort (0ms)
			DisableScriptedObjects (4ms)
			BackupInstance (0ms)
			ReleaseScriptingObjects (0ms)
			CreateAndSetChildDomain (56ms)
		EndReloadAssembly (1101ms)
			LoadAssemblies (154ms)
			RebuildTransferFunctionScriptingTraits (0ms)
			SetupTypeCache (304ms)
			ReleaseScriptCaches (2ms)
			RebuildScriptCaches (45ms)
			SetupLoadedEditorAssemblies (545ms)
				LogAssemblyErrors (0ms)
				InitializePlatformSupportModulesInManaged (13ms)
				SetLoadedEditorAssemblies (1ms)
				RefreshPlugins (2ms)
				BeforeProcessingInitializeOnLoad (98ms)
				ProcessInitializeOnLoadAttributes (366ms)
				ProcessInitializeOnLoadMethodAttributes (52ms)
				AfterProcessingInitializeOnLoad (13ms)
				EditorAssembliesLoaded (0ms)
			ExecutionOrderSort2 (0ms)
			AwakeInstancesAfterBackupRestoration (6ms)
Platform modules already initialized, skipping
Refreshing native plugins compatible for Editor in 11.09 ms, found 14 plugins.
Preloading 0 native plugins for Editor in 0.00 ms.
Unloading 5708 Unused Serialized files (Serialized files now loaded: 0)
Unloading 57 unused Assets / (0.7 MB). Loaded Objects now: 6281.
Memory consumption went from 203.3 MB to 202.6 MB.
Total: 5.482300 ms (FindLiveObjects: 0.723500 ms CreateObjectMapping: 0.568900 ms MarkObjects: 3.685200 ms  DeleteObjects: 0.503300 ms)

AssetImportParameters requested are different than current active one (requested -> active):
  custom:video-decoder-ogg-theora: a1e56fd34408186e4bbccfd4996cb3dc -> 
  custom:container-muxer-webm: aa71ff27fc2769a1b78a27578f13a17b -> 
  custom:container-demuxer-webm: 4f35f7cbe854078d1ac9338744f61a02 -> 
  custom:video-encoder-webm-vp8: eb34c28f22e8b96e1ab97ce403110664 -> 
  custom:audio-encoder-webm-vorbis: bf7c407c2cedff20999df2af8eb42d56 -> 
  custom:framework-win-MediaFoundation: 216162199b28c13a410421893ffa2e32 -> 
  custom:container-demuxer-ogg: 62fdf1f143b41e24485cea50d1cbac27 -> 
  custom:video-decoder-webm-vp8: 9c59270c3fd7afecdb556c50c9e8de78 -> 
  custom:audio-decoder-ogg-vorbis: bf7c407c2cedff20999df2af8eb42d56 -> 
========================================================================
Received Import Request.
  Time since last request: 131.560517 seconds.
  path: Assets/prefab/Cube.prefab
  artifactKey: Guid(05871377cfffec04d8fa15cf24630cad) Importer(815301076,1909f56bfc062723c751e8b465ee728b)
Start importing Assets/prefab/Cube.prefab using Guid(05871377cfffec04d8fa15cf24630cad) Importer(815301076,1909f56bfc062723c751e8b465ee728b)  -> (artifact id: 'caee2a7a1a06cbdd44111816205faf5f') in 0.148595 seconds 
========================================================================
Received Prepare
Registering precompiled user dll's ...
Registered in 0.024018 seconds.
Begin MonoManager ReloadAssembly
Native extension for UWP target not found
Native extension for WindowsStandalone target not found
Refreshing native plugins compatible for Editor in 1.93 ms, found 14 plugins.
Preloading 0 native plugins for Editor in 0.00 ms.
Mono: successfully reloaded assembly
- Completed reload, in  1.414 seconds
Domain Reload Profiling:
	ReloadAssembly (1415ms)
		BeginReloadAssembly (193ms)
			ExecutionOrderSort (0ms)
			DisableScriptedObjects (4ms)
			BackupInstance (0ms)
			ReleaseScriptingObjects (0ms)
			CreateAndSetChildDomain (50ms)
		EndReloadAssembly (1101ms)
			LoadAssemblies (166ms)
			RebuildTransferFunctionScriptingTraits (0ms)
			SetupTypeCache (294ms)
			ReleaseScriptCaches (2ms)
			RebuildScriptCaches (49ms)
			SetupLoadedEditorAssemblies (548ms)
				LogAssemblyErrors (0ms)
				InitializePlatformSupportModulesInManaged (13ms)
				SetLoadedEditorAssemblies (0ms)
				RefreshPlugins (2ms)
				BeforeProcessingInitializeOnLoad (100ms)
				ProcessInitializeOnLoadAttributes (366ms)
				ProcessInitializeOnLoadMethodAttributes (54ms)
				AfterProcessingInitializeOnLoad (13ms)
				EditorAssembliesLoaded (0ms)
			ExecutionOrderSort2 (0ms)
			AwakeInstancesAfterBackupRestoration (7ms)
Platform modules already initialized, skipping
Refreshing native plugins compatible for Editor in 12.45 ms, found 14 plugins.
Preloading 0 native plugins for Editor in 0.00 ms.
Unloading 5708 Unused Serialized files (Serialized files now loaded: 0)
Unloading 57 unused Assets / (0.7 MB). Loaded Objects now: 6286.
Memory consumption went from 203.4 MB to 202.7 MB.
Total: 5.639900 ms (FindLiveObjects: 0.734700 ms CreateObjectMapping: 0.536300 ms MarkObjects: 3.812400 ms  DeleteObjects: 0.554500 ms)

AssetImportParameters requested are different than current active one (requested -> active):
  custom:video-decoder-ogg-theora: a1e56fd34408186e4bbccfd4996cb3dc -> 
  custom:container-muxer-webm: aa71ff27fc2769a1b78a27578f13a17b -> 
  custom:container-demuxer-webm: 4f35f7cbe854078d1ac9338744f61a02 -> 
  custom:video-encoder-webm-vp8: eb34c28f22e8b96e1ab97ce403110664 -> 
  custom:audio-encoder-webm-vorbis: bf7c407c2cedff20999df2af8eb42d56 -> 
  custom:framework-win-MediaFoundation: 216162199b28c13a410421893ffa2e32 -> 
  custom:container-demuxer-ogg: 62fdf1f143b41e24485cea50d1cbac27 -> 
  custom:video-decoder-webm-vp8: 9c59270c3fd7afecdb556c50c9e8de78 -> 
  custom:audio-decoder-ogg-vorbis: bf7c407c2cedff20999df2af8eb42d56 -> 
========================================================================
Received Import Request.
  Time since last request: 112.429311 seconds.
  path: Assets/prefab/Cube.prefab
  artifactKey: Guid(05871377cfffec04d8fa15cf24630cad) Importer(815301076,1909f56bfc062723c751e8b465ee728b)
Start importing Assets/prefab/Cube.prefab using Guid(05871377cfffec04d8fa15cf24630cad) Importer(815301076,1909f56bfc062723c751e8b465ee728b)  -> (artifact id: '2f4083b93319657df67a7b76cc188d2c') in 0.129296 seconds 
========================================================================
Received Prepare
Registering precompiled user dll's ...
Registered in 0.025351 seconds.
Begin MonoManager ReloadAssembly
Native extension for UWP target not found
Native extension for WindowsStandalone target not found
Refreshing native plugins compatible for Editor in 1.93 ms, found 14 plugins.
Preloading 0 native plugins for Editor in 0.00 ms.
Mono: successfully reloaded assembly
- Completed reload, in  1.440 seconds
Domain Reload Profiling:
	ReloadAssembly (1441ms)
		BeginReloadAssembly (186ms)
			ExecutionOrderSort (0ms)
			DisableScriptedObjects (4ms)
			BackupInstance (0ms)
			ReleaseScriptingObjects (0ms)
			CreateAndSetChildDomain (50ms)
		EndReloadAssembly (1131ms)
			LoadAssemblies (158ms)
			RebuildTransferFunctionScriptingTraits (0ms)
			SetupTypeCache (332ms)
			ReleaseScriptCaches (2ms)
			RebuildScriptCaches (47ms)
			SetupLoadedEditorAssemblies (546ms)
				LogAssemblyErrors (0ms)
				InitializePlatformSupportModulesInManaged (12ms)
				SetLoadedEditorAssemblies (0ms)
				RefreshPlugins (2ms)
				BeforeProcessingInitializeOnLoad (99ms)
				ProcessInitializeOnLoadAttributes (367ms)
				ProcessInitializeOnLoadMethodAttributes (52ms)
				AfterProcessingInitializeOnLoad (12ms)
				EditorAssembliesLoaded (0ms)
			ExecutionOrderSort2 (0ms)
			AwakeInstancesAfterBackupRestoration (9ms)
Platform modules already initialized, skipping
Refreshing native plugins compatible for Editor in 13.23 ms, found 14 plugins.
Preloading 0 native plugins for Editor in 0.00 ms.
Unloading 5708 Unused Serialized files (Serialized files now loaded: 0)
Unloading 57 unused Assets / (0.7 MB). Loaded Objects now: 6290.
Memory consumption went from 203.4 MB to 202.7 MB.
Total: 5.977800 ms (FindLiveObjects: 0.788200 ms CreateObjectMapping: 0.779600 ms MarkObjects: 3.796600 ms  DeleteObjects: 0.611800 ms)

AssetImportParameters requested are different than current active one (requested -> active):
  custom:video-decoder-ogg-theora: a1e56fd34408186e4bbccfd4996cb3dc -> 
  custom:container-muxer-webm: aa71ff27fc2769a1b78a27578f13a17b -> 
  custom:container-demuxer-webm: 4f35f7cbe854078d1ac9338744f61a02 -> 
  custom:video-encoder-webm-vp8: eb34c28f22e8b96e1ab97ce403110664 -> 
  custom:audio-encoder-webm-vorbis: bf7c407c2cedff20999df2af8eb42d56 -> 
  custom:framework-win-MediaFoundation: 216162199b28c13a410421893ffa2e32 -> 
  custom:container-demuxer-ogg: 62fdf1f143b41e24485cea50d1cbac27 -> 
  custom:video-decoder-webm-vp8: 9c59270c3fd7afecdb556c50c9e8de78 -> 
  custom:audio-decoder-ogg-vorbis: bf7c407c2cedff20999df2af8eb42d56 -> 
========================================================================
Received Import Request.
  Time since last request: 39.050132 seconds.
  path: Assets/prefab/Cube.prefab
  artifactKey: Guid(05871377cfffec04d8fa15cf24630cad) Importer(815301076,1909f56bfc062723c751e8b465ee728b)
Start importing Assets/prefab/Cube.prefab using Guid(05871377cfffec04d8fa15cf24630cad) Importer(815301076,1909f56bfc062723c751e8b465ee728b)  -> (artifact id: 'e8516b55b8ef95f162bf89c4a260c807') in 0.128929 seconds 
========================================================================
Received Import Request.
  Time since last request: 17.032194 seconds.
  path: Assets/prefab/Cube.prefab
  artifactKey: Guid(05871377cfffec04d8fa15cf24630cad) Importer(815301076,1909f56bfc062723c751e8b465ee728b)
Start importing Assets/prefab/Cube.prefab using Guid(05871377cfffec04d8fa15cf24630cad) Importer(815301076,1909f56bfc062723c751e8b465ee728b)  -> (artifact id: 'ec66a499ace33279413fca27474f2237') in 0.051517 seconds 
========================================================================
Received Prepare
Registering precompiled user dll's ...
Registered in 0.023129 seconds.
Begin MonoManager ReloadAssembly
Native extension for UWP target not found
Native extension for WindowsStandalone target not found
Refreshing native plugins compatible for Editor in 1.92 ms, found 14 plugins.
Preloading 0 native plugins for Editor in 0.00 ms.
Mono: successfully reloaded assembly
- Completed reload, in  1.413 seconds
Domain Reload Profiling:
	ReloadAssembly (1413ms)
		BeginReloadAssembly (188ms)
			ExecutionOrderSort (0ms)
			DisableScriptedObjects (4ms)
			BackupInstance (0ms)
			ReleaseScriptingObjects (0ms)
			CreateAndSetChildDomain (50ms)
		EndReloadAssembly (1107ms)
			LoadAssemblies (164ms)
			RebuildTransferFunctionScriptingTraits (0ms)
			SetupTypeCache (295ms)
			ReleaseScriptCaches (2ms)
			RebuildScriptCaches (47ms)
			SetupLoadedEditorAssemblies (553ms)
				LogAssemblyErrors (0ms)
				InitializePlatformSupportModulesInManaged (12ms)
				SetLoadedEditorAssemblies (0ms)
				RefreshPlugins (2ms)
				BeforeProcessingInitializeOnLoad (97ms)
				ProcessInitializeOnLoadAttributes (371ms)
				ProcessInitializeOnLoadMethodAttributes (56ms)
				AfterProcessingInitializeOnLoad (14ms)
				EditorAssembliesLoaded (0ms)
			ExecutionOrderSort2 (0ms)
			AwakeInstancesAfterBackupRestoration (6ms)
Platform modules already initialized, skipping
Refreshing native plugins compatible for Editor in 10.44 ms, found 14 plugins.
Preloading 0 native plugins for Editor in 0.00 ms.
Unloading 5708 Unused Serialized files (Serialized files now loaded: 0)
Unloading 57 unused Assets / (0.7 MB). Loaded Objects now: 6294.
Memory consumption went from 203.4 MB to 202.7 MB.
Total: 5.909300 ms (FindLiveObjects: 0.751700 ms CreateObjectMapping: 0.632100 ms MarkObjects: 3.855700 ms  DeleteObjects: 0.668300 ms)

AssetImportParameters requested are different than current active one (requested -> active):
  custom:video-decoder-ogg-theora: a1e56fd34408186e4bbccfd4996cb3dc -> 
  custom:container-muxer-webm: aa71ff27fc2769a1b78a27578f13a17b -> 
  custom:container-demuxer-webm: 4f35f7cbe854078d1ac9338744f61a02 -> 
  custom:video-encoder-webm-vp8: eb34c28f22e8b96e1ab97ce403110664 -> 
  custom:audio-encoder-webm-vorbis: bf7c407c2cedff20999df2af8eb42d56 -> 
  custom:framework-win-MediaFoundation: 216162199b28c13a410421893ffa2e32 -> 
  custom:container-demuxer-ogg: 62fdf1f143b41e24485cea50d1cbac27 -> 
  custom:video-decoder-webm-vp8: 9c59270c3fd7afecdb556c50c9e8de78 -> 
  custom:audio-decoder-ogg-vorbis: bf7c407c2cedff20999df2af8eb42d56 -> 
========================================================================
Received Import Request.
  Time since last request: 340.799708 seconds.
  path: Assets/MRTK/Examples/Demos/Audio/Audio/PolyHover.wav
  artifactKey: Guid(eafa338ce88fc494c9a14421ec6de352) Importer(815301076,1909f56bfc062723c751e8b465ee728b)
Start importing Assets/MRTK/Examples/Demos/Audio/Audio/PolyHover.wav using Guid(eafa338ce88fc494c9a14421ec6de352) Importer(815301076,1909f56bfc062723c751e8b465ee728b)  -> (artifact id: 'f35c719fdfd509fa6bc917d187c0abe8') in 0.143197 seconds 
========================================================================
Received Import Request.
  Time since last request: 2.936852 seconds.
  path: Assets/MRTK/Examples/Experimental/ColorPicker/Prefabs/ColorDraggerPrefab.prefab
  artifactKey: Guid(0ce0f1bff4a38994c8e130db8e688473) Importer(815301076,1909f56bfc062723c751e8b465ee728b)
Start importing Assets/MRTK/Examples/Experimental/ColorPicker/Prefabs/ColorDraggerPrefab.prefab using Guid(0ce0f1bff4a38994c8e130db8e688473) Importer(815301076,1909f56bfc062723c751e8b465ee728b)  -> (artifact id: 'edab13135904a0610be7df4cfc13a4f6') in 0.090484 seconds 
========================================================================
Received Import Request.
  Time since last request: 0.000036 seconds.
  path: Assets/MRTK/Examples/Experimental/HandMenuLayout/Models/Circle.fbx
  artifactKey: Guid(979fb0c21a0dd1047824f2ce933e4f26) Importer(815301076,1909f56bfc062723c751e8b465ee728b)
Start importing Assets/MRTK/Examples/Experimental/HandMenuLayout/Models/Circle.fbx using Guid(979fb0c21a0dd1047824f2ce933e4f26) Importer(815301076,1909f56bfc062723c751e8b465ee728b)  -> (artifact id: '914e169f9d8416ca7aebc9f670e914d7') in 0.105177 seconds 
========================================================================
Received Import Request.
  Time since last request: 0.000052 seconds.
  path: Assets/MRTK/Examples/Experimental/SceneUnderstanding/Prefabs/DemoSceneUnderstandingSceneObjectPrefab.prefab
  artifactKey: Guid(da7ef0d2c42bf8f4da89848ed8529a9f) Importer(815301076,1909f56bfc062723c751e8b465ee728b)
Start importing Assets/MRTK/Examples/Experimental/SceneUnderstanding/Prefabs/DemoSceneUnderstandingSceneObjectPrefab.prefab using Guid(da7ef0d2c42bf8f4da89848ed8529a9f) Importer(815301076,1909f56bfc062723c751e8b465ee728b)  -> (artifact id: '92836d0a054d07efb5bbef1d38687336') in 0.160461 seconds 
========================================================================
Received Import Request.
  Time since last request: 0.000034 seconds.
  path: Assets/TextMesh Pro/Resources/Style Sheets/Default Style Sheet.asset
  artifactKey: Guid(f952c082cb03451daed3ee968ac6c63e) Importer(815301076,1909f56bfc062723c751e8b465ee728b)
Start importing Assets/TextMesh Pro/Resources/Style Sheets/Default Style Sheet.asset using Guid(f952c082cb03451daed3ee968ac6c63e) Importer(815301076,1909f56bfc062723c751e8b465ee728b)  -> (artifact id: 'c72200549b97ff12ff44a36c3fabf96c') in 0.010957 seconds 
========================================================================
Received Import Request.
  Time since last request: 0.000036 seconds.
  path: Assets/TextMesh Pro/Resources/Fonts & Materials/LiberationSans SDF - Fallback.asset
  artifactKey: Guid(2e498d1c8094910479dc3e1b768306a4) Importer(815301076,1909f56bfc062723c751e8b465ee728b)
Start importing Assets/TextMesh Pro/Resources/Fonts & Materials/LiberationSans SDF - Fallback.asset using Guid(2e498d1c8094910479dc3e1b768306a4) Importer(815301076,1909f56bfc062723c751e8b465ee728b)  -> (artifact id: 'd794ee233c1f38beb2b31ef4947227a0') in 0.089679 seconds 
========================================================================
Received Import Request.
  Time since last request: 36.350627 seconds.
  path: Assets/MRTK/Examples/Experimental/HandMenuLayout/Prefabs/PressableButtonHoloLens2_AppButton.prefab
  artifactKey: Guid(0b624ef669468fc43ba70c5eb0da606e) Importer(815301076,1909f56bfc062723c751e8b465ee728b)
Start importing Assets/MRTK/Examples/Experimental/HandMenuLayout/Prefabs/PressableButtonHoloLens2_AppButton.prefab using Guid(0b624ef669468fc43ba70c5eb0da606e) Importer(815301076,1909f56bfc062723c751e8b465ee728b)  -> (artifact id: 'd4f5fd0feafed649dfea8b4a3d34b78d') in 0.238694 seconds 
========================================================================
Received Import Request.
  Time since last request: 1.394603 seconds.
  path: Assets/MRTK/Examples/Demos/UX/ProgressIndicator/Profiles/ProgressIndicatorDemoConfigurationProfile.asset
  artifactKey: Guid(6a468861de7214d4f9b208f138201efa) Importer(815301076,1909f56bfc062723c751e8b465ee728b)
Start importing Assets/MRTK/Examples/Demos/UX/ProgressIndicator/Profiles/ProgressIndicatorDemoConfigurationProfile.asset using Guid(6a468861de7214d4f9b208f138201efa) Importer(815301076,1909f56bfc062723c751e8b465ee728b)  -> (artifact id: '4add6f05770601aebadb1034df2c407e') in 0.190104 seconds 
========================================================================
Received Import Request.
  Time since last request: 0.275805 seconds.
  path: Assets/MRTK/Examples/Demos/PulseShader/Profile/PulseShaderConfigurationProfile.asset
  artifactKey: Guid(96bd7cc2b9fcc384399067350dee2eaa) Importer(815301076,1909f56bfc062723c751e8b465ee728b)
Start importing Assets/MRTK/Examples/Demos/PulseShader/Profile/PulseShaderConfigurationProfile.asset using Guid(96bd7cc2b9fcc384399067350dee2eaa) Importer(815301076,1909f56bfc062723c751e8b465ee728b)  -> (artifact id: '945f3b36e84b38fcc85d5027726a3197') in 0.117288 seconds 
========================================================================
Received Import Request.
  Time since last request: 0.300597 seconds.
  path: Assets/MRTK/Examples/Demos/PulseShader/Profile/PulseShaderInputSystemProfile.asset
  artifactKey: Guid(51b435049256a5d48b922485c5b1a260) Importer(815301076,1909f56bfc062723c751e8b465ee728b)
Start importing Assets/MRTK/Examples/Demos/PulseShader/Profile/PulseShaderInputSystemProfile.asset using Guid(51b435049256a5d48b922485c5b1a260) Importer(815301076,1909f56bfc062723c751e8b465ee728b)  -> (artifact id: '12cd8a621c853284a0a2a8349891de13') in 0.070751 seconds 
========================================================================
Received Import Request.
  Time since last request: 0.400872 seconds.
  path: Assets/MRTK/Examples/Demos/HandTracking/Profiles/RecordArticulatedHandPoseConfigurationProfile.asset
  artifactKey: Guid(ec5f1cd6837ce634eb9dac5bb049962d) Importer(815301076,1909f56bfc062723c751e8b465ee728b)
Start importing Assets/MRTK/Examples/Demos/HandTracking/Profiles/RecordArticulatedHandPoseConfigurationProfile.asset using Guid(ec5f1cd6837ce634eb9dac5bb049962d) Importer(815301076,1909f56bfc062723c751e8b465ee728b)  -> (artifact id: '3bcfe1cd9cba41e67bc1006ce11d6929') in 0.093742 seconds 
========================================================================
Received Import Request.
  Time since last request: 0.000046 seconds.
  path: Assets/MRTK/Examples/Experimental/RiggedHandVisualizer/Profiles/RiggedHandLeapMotionDeviceManagerProfile.asset
  artifactKey: Guid(d6ff053aacdb65d40aed070177d1a63b) Importer(815301076,1909f56bfc062723c751e8b465ee728b)
Start importing Assets/MRTK/Examples/Experimental/RiggedHandVisualizer/Profiles/RiggedHandLeapMotionDeviceManagerProfile.asset using Guid(d6ff053aacdb65d40aed070177d1a63b) Importer(815301076,1909f56bfc062723c751e8b465ee728b)  -> (artifact id: '58b9f8ad6ed093fdc8bf1c03c7a33e51') in 0.019215 seconds 
========================================================================
Received Import Request.
  Time since last request: 3.346327 seconds.
  path: Assets/MRTK/Examples/Demos/EyeTracking/DemoScrollPanZoom/Textures/scrollbar.png
  artifactKey: Guid(71ba3078e287b1342882989dd4bf8e55) Importer(815301076,1909f56bfc062723c751e8b465ee728b)
Start importing Assets/MRTK/Examples/Demos/EyeTracking/DemoScrollPanZoom/Textures/scrollbar.png using Guid(71ba3078e287b1342882989dd4bf8e55) Importer(815301076,1909f56bfc062723c751e8b465ee728b)  -> (artifact id: 'bdfc9474035db1ed653fb477bb18fbc5') in 0.094944 seconds 
========================================================================
Received Import Request.
  Time since last request: 0.056714 seconds.
  path: Assets/MRTK/Examples/Demos/ScrollingObjectCollection/Prefabs/ScrollingOC_PressableBtn_32x96.prefab
  artifactKey: Guid(f8e43a3ccc58ff943b0bed33339f073b) Importer(815301076,1909f56bfc062723c751e8b465ee728b)
Start importing Assets/MRTK/Examples/Demos/ScrollingObjectCollection/Prefabs/ScrollingOC_PressableBtn_32x96.prefab using Guid(f8e43a3ccc58ff943b0bed33339f073b) Importer(815301076,1909f56bfc062723c751e8b465ee728b)  -> (artifact id: 'bc0de937f1baa747435123a06ff104a5') in 0.103871 seconds 
========================================================================
Received Import Request.
  Time since last request: 0.000041 seconds.
  path: Assets/MRTK/Examples/Demos/EyeTracking/General/Audio/sound_TapUp.wav
  artifactKey: Guid(59244bce6dca9494ebc881d9543fa339) Importer(815301076,1909f56bfc062723c751e8b465ee728b)
Start importing Assets/MRTK/Examples/Demos/EyeTracking/General/Audio/sound_TapUp.wav using Guid(59244bce6dca9494ebc881d9543fa339) Importer(815301076,1909f56bfc062723c751e8b465ee728b)  -> (artifact id: '264ce85f9aabedd12dc8c92f6e6dfc84') in 0.038122 seconds 
========================================================================
Received Import Request.
  Time since last request: 0.000046 seconds.
  path: Assets/MRTK/Examples/Experimental/Elastic/Materials/springs.png
  artifactKey: Guid(3f20d61c40c3ff3489e3c14bfeb211e6) Importer(815301076,1909f56bfc062723c751e8b465ee728b)
Start importing Assets/MRTK/Examples/Experimental/Elastic/Materials/springs.png using Guid(3f20d61c40c3ff3489e3c14bfeb211e6) Importer(815301076,1909f56bfc062723c751e8b465ee728b)  -> (artifact id: 'e944e9d24629423188e0e2472fef4591') in 0.041841 seconds 
========================================================================
Received Import Request.
  Time since last request: 0.000053 seconds.
  path: Assets/MRTK/Examples/Demos/EyeTracking/General/Audio/sound_Fail.wav
  artifactKey: Guid(2826b03ccaa826a42af0e68bfd49d948) Importer(815301076,1909f56bfc062723c751e8b465ee728b)
Start importing Assets/MRTK/Examples/Demos/EyeTracking/General/Audio/sound_Fail.wav using Guid(2826b03ccaa826a42af0e68bfd49d948) Importer(815301076,1909f56bfc062723c751e8b465ee728b)  -> (artifact id: 'baed11df71b0cffc8847b7ae8a705943') in 0.034618 seconds 
========================================================================
Received Import Request.
  Time since last request: 0.000037 seconds.
  path: Assets/MRTK/Examples/Experimental/Navigation/Teleport/TeleportMixedRealityInputSystemProfile.asset
  artifactKey: Guid(ddb1eb26506c111449ef46e4b2660e66) Importer(815301076,1909f56bfc062723c751e8b465ee728b)
Start importing Assets/MRTK/Examples/Experimental/Navigation/Teleport/TeleportMixedRealityInputSystemProfile.asset using Guid(ddb1eb26506c111449ef46e4b2660e66) Importer(815301076,1909f56bfc062723c751e8b465ee728b)  -> (artifact id: '08eeb09713729a5f5f5fa006712b6810') in 0.072282 seconds 
========================================================================
Received Import Request.
  Time since last request: 0.000039 seconds.
  path: Assets/MRTK/Examples/Demos/Input/Scenes/Speech/Speech.MixedRealitySpeechCommandsProfile.asset
  artifactKey: Guid(5b1a29a26a15b48449c76091b0db0658) Importer(815301076,1909f56bfc062723c751e8b465ee728b)
Start importing Assets/MRTK/Examples/Demos/Input/Scenes/Speech/Speech.MixedRealitySpeechCommandsProfile.asset using Guid(5b1a29a26a15b48449c76091b0db0658) Importer(815301076,1909f56bfc062723c751e8b465ee728b)  -> (artifact id: '257877e9519762fe639872ff0a273ba2') in 0.016743 seconds 
========================================================================
Received Import Request.
  Time since last request: 0.000043 seconds.
  path: Assets/MRTK/Examples/Experimental/Elastic/Materials/springs.mat
  artifactKey: Guid(ff468968eb265e44c80f6f92a3667464) Importer(815301076,1909f56bfc062723c751e8b465ee728b)
Start importing Assets/MRTK/Examples/Experimental/Elastic/Materials/springs.mat using Guid(ff468968eb265e44c80f6f92a3667464) Importer(815301076,1909f56bfc062723c751e8b465ee728b)  -> (artifact id: '6b6c2ce3a52a9624ee4ad4bc487c801d') in 0.061498 seconds 
========================================================================
Received Import Request.
  Time since last request: 0.000038 seconds.
  path: Assets/MRTK/Examples/Experimental/Navigation/Teleport/TeleportMixedRealityToolkitConfigurationProfile.asset
  artifactKey: Guid(0b2a83b8b104cc342b5d4dbbb5a2e6ed) Importer(815301076,1909f56bfc062723c751e8b465ee728b)
Start importing Assets/MRTK/Examples/Experimental/Navigation/Teleport/TeleportMixedRealityToolkitConfigurationProfile.asset using Guid(0b2a83b8b104cc342b5d4dbbb5a2e6ed) Importer(815301076,1909f56bfc062723c751e8b465ee728b)  -> (artifact id: 'a1d513a3621e2837bb7cabaf4b017ae4') in 0.078867 seconds 
========================================================================
Received Import Request.
  Time since last request: 0.000057 seconds.
  path: Assets/MRTK/Examples/Experimental/SceneUnderstanding/Textures/SolarGridPattern.png
  artifactKey: Guid(2acb9155180fecf4087cca3961edb28f) Importer(815301076,1909f56bfc062723c751e8b465ee728b)
Start importing Assets/MRTK/Examples/Experimental/SceneUnderstanding/Textures/SolarGridPattern.png using Guid(2acb9155180fecf4087cca3961edb28f) Importer(815301076,1909f56bfc062723c751e8b465ee728b)  -> (artifact id: 'b896a67e44258732f6c55204852b6f07') in 0.040448 seconds 
========================================================================
Received Import Request.
  Time since last request: 0.000041 seconds.
  path: Assets/MRTK/Examples/Demos/EyeTracking/DemoTargetSelections/Prefabs/TargetType (2).prefab
  artifactKey: Guid(8598aec6656a8cf4f91022b34f6abc0a) Importer(815301076,1909f56bfc062723c751e8b465ee728b)
Start importing Assets/MRTK/Examples/Demos/EyeTracking/DemoTargetSelections/Prefabs/TargetType (2).prefab using Guid(8598aec6656a8cf4f91022b34f6abc0a) Importer(815301076,1909f56bfc062723c751e8b465ee728b)  -> (artifact id: 'c4a4149cc97c8e09aa3c58ac2940d5d5') in 0.060654 seconds 
========================================================================
Received Import Request.
  Time since last request: 0.000039 seconds.
  path: Assets/MRTK/Examples/Demos/EyeTracking/DemoTargetSelections/Prefabs/TargetType (4).prefab
  artifactKey: Guid(a4ee27144f7b80441a464c6463bf83c5) Importer(815301076,1909f56bfc062723c751e8b465ee728b)
Start importing Assets/MRTK/Examples/Demos/EyeTracking/DemoTargetSelections/Prefabs/TargetType (4).prefab using Guid(a4ee27144f7b80441a464c6463bf83c5) Importer(815301076,1909f56bfc062723c751e8b465ee728b)  -> (artifact id: 'b1ea2c2657bc0683e3489b830d131748') in 0.135746 seconds 
========================================================================
Received Import Request.
  Time since last request: 1.156756 seconds.
  path: Assets/MRTK/Examples/Demos/EyeTracking/General/Textures/tex_blank_tile.png
  artifactKey: Guid(88dc5d12c5821bf4d99edd588f6c19e6) Importer(815301076,1909f56bfc062723c751e8b465ee728b)
Start importing Assets/MRTK/Examples/Demos/EyeTracking/General/Textures/tex_blank_tile.png using Guid(88dc5d12c5821bf4d99edd588f6c19e6) Importer(815301076,1909f56bfc062723c751e8b465ee728b)  -> (artifact id: 'f8079c051fb20d7e20295e9d875bc117') in 0.039919 seconds 
========================================================================
Received Import Request.
  Time since last request: 0.000042 seconds.
  path: Assets/MRTK/Examples/Demos/EyeTracking/DemoVisualizer/Textures/tex_drawCanvasForHeatmap.png
  artifactKey: Guid(032b34b8af7ad2940a2b8f6b4071f7a2) Importer(815301076,1909f56bfc062723c751e8b465ee728b)
Start importing Assets/MRTK/Examples/Demos/EyeTracking/DemoVisualizer/Textures/tex_drawCanvasForHeatmap.png using Guid(032b34b8af7ad2940a2b8f6b4071f7a2) Importer(815301076,1909f56bfc062723c751e8b465ee728b)  -> (artifact id: '504ba89bbd26cac9871d027d67319806') in 0.041410 seconds 
========================================================================
Received Import Request.
  Time since last request: 0.000046 seconds.
  path: Assets/MRTK/Examples/Demos/EyeTracking/DemoScrollPanZoom/Textures/tex_icon_panzoom.png
  artifactKey: Guid(0fb93582447aa2c4db00f1f5b4c8f3ba) Importer(815301076,1909f56bfc062723c751e8b465ee728b)
Start importing Assets/MRTK/Examples/Demos/EyeTracking/DemoScrollPanZoom/Textures/tex_icon_panzoom.png using Guid(0fb93582447aa2c4db00f1f5b4c8f3ba) Importer(815301076,1909f56bfc062723c751e8b465ee728b)  -> (artifact id: '620fff49ba40c7e3086ddd89e3f46afd') in 0.038364 seconds 
========================================================================
Received Import Request.
  Time since last request: 0.000048 seconds.
  path: Assets/MRTK/Examples/Demos/EyeTracking/DemoScrollPanZoom/Materials/tex_icon_panzoom.mat
  artifactKey: Guid(92d594c7aaed36f4d94790f036705980) Importer(815301076,1909f56bfc062723c751e8b465ee728b)
Start importing Assets/MRTK/Examples/Demos/EyeTracking/DemoScrollPanZoom/Materials/tex_icon_panzoom.mat using Guid(92d594c7aaed36f4d94790f036705980) Importer(815301076,1909f56bfc062723c751e8b465ee728b)  -> (artifact id: '1d85441acf842915baec2b37d5cbba26') in 0.090486 seconds 
========================================================================
Received Import Request.
  Time since last request: 0.489594 seconds.
  path: Assets/MRTK/Examples/Demos/EyeTracking/DemoVisualizer/Textures/tex_icon_Play.png
  artifactKey: Guid(43920eacafd1aad4f9d8bd2a68ca4ed5) Importer(815301076,1909f56bfc062723c751e8b465ee728b)
Start importing Assets/MRTK/Examples/Demos/EyeTracking/DemoVisualizer/Textures/tex_icon_Play.png using Guid(43920eacafd1aad4f9d8bd2a68ca4ed5) Importer(815301076,1909f56bfc062723c751e8b465ee728b)  -> (artifact id: 'b63b83ea3007f65394793186cc448163') in 0.040008 seconds 
========================================================================
Received Import Request.
  Time since last request: 0.000042 seconds.
  path: Assets/MRTK/Examples/Demos/EyeTracking/DemoTargetSelections/Textures/tex_mrtk_tile.psd
  artifactKey: Guid(aeb8024f4fa897547a30f2f450c0c230) Importer(815301076,1909f56bfc062723c751e8b465ee728b)
Start importing Assets/MRTK/Examples/Demos/EyeTracking/DemoTargetSelections/Textures/tex_mrtk_tile.psd using Guid(aeb8024f4fa897547a30f2f450c0c230) Importer(815301076,1909f56bfc062723c751e8b465ee728b)  -> (artifact id: 'd81e30667cfdcd790af3b9099dfef60c') in 0.045251 seconds 
========================================================================
Received Import Request.
  Time since last request: 0.000060 seconds.
  path: Assets/MRTK/Examples/Demos/UX/Interactables/Materials/TextureInteractable.mat
  artifactKey: Guid(f855b18af2d538d4f8965917ec01458e) Importer(815301076,1909f56bfc062723c751e8b465ee728b)
Start importing Assets/MRTK/Examples/Demos/UX/Interactables/Materials/TextureInteractable.mat using Guid(f855b18af2d538d4f8965917ec01458e) Importer(815301076,1909f56bfc062723c751e8b465ee728b)  -> (artifact id: '5061b25600b7db6a15d11cdbc15a6160') in 0.064030 seconds 
========================================================================
Received Import Request.
  Time since last request: 0.000036 seconds.
  path: Assets/MRTK/Examples/Demos/EyeTracking/DemoVisualizer/Textures/tex_icon_StartRecording.png
  artifactKey: Guid(d2483c9eef6a2514297d1504036e6d2f) Importer(815301076,1909f56bfc062723c751e8b465ee728b)
Start importing Assets/MRTK/Examples/Demos/EyeTracking/DemoVisualizer/Textures/tex_icon_StartRecording.png using Guid(d2483c9eef6a2514297d1504036e6d2f) Importer(815301076,1909f56bfc062723c751e8b465ee728b)  -> (artifact id: 'f201a5ccd59bb35c9d17119138fc3700') in 0.034291 seconds 
========================================================================
Received Import Request.
  Time since last request: 0.000034 seconds.
  path: Assets/MRTK/Examples/Experimental/ExamplesHub/Prefabs/ToggleFeaturesPanelHubHand.prefab
  artifactKey: Guid(9ff9cb392d53add4fa5295950ba882c6) Importer(815301076,1909f56bfc062723c751e8b465ee728b)
Start importing Assets/MRTK/Examples/Experimental/ExamplesHub/Prefabs/ToggleFeaturesPanelHubHand.prefab using Guid(9ff9cb392d53add4fa5295950ba882c6) Importer(815301076,1909f56bfc062723c751e8b465ee728b)  -> (artifact id: '0c176ae02fe466e9f196c4824ade9105') in 0.184532 seconds 
========================================================================
Received Import Request.
  Time since last request: 0.000047 seconds.
  path: Assets/MRTK/Examples/Demos/UX/Lines/Materials/TransparentLinesMaterial.mat
  artifactKey: Guid(996845b4c28bcf04591d75cb15e433a0) Importer(815301076,1909f56bfc062723c751e8b465ee728b)
Start importing Assets/MRTK/Examples/Demos/UX/Lines/Materials/TransparentLinesMaterial.mat using Guid(996845b4c28bcf04591d75cb15e433a0) Importer(815301076,1909f56bfc062723c751e8b465ee728b)  -> (artifact id: '6b9352f2e8ba9ebe0422583ec43dbb2f') in 0.134453 seconds 
Editor requested this worker to shutdown with reason: Scaling down because of idle timeout
AssetImportWorker is now disconnected from the server
Process exiting
Exiting without the bug reporter. Application will terminate with return code 0